TN:
SF:src\app.ts
FN:37,buildApp
FN:46,req
FN:52,res
FN:53,err
FN:68,genReqId
FN:85,keyGenerator
FN:86,errorResponseBuilder
FNF:7
FNH:5
FNDA:19,buildApp
FNDA:167,req
FNDA:167,res
FNDA:0,err
FNDA:167,genReqId
FNDA:155,keyGenerator
FNDA:0,errorResponseBuilder
DA:1,1
DA:37,19
DA:39,19
DA:41,19
DA:42,19
DA:43,19
DA:45,19
DA:46,19
DA:47,167
DA:48,167
DA:49,167
DA:51,167
DA:52,19
DA:53,19
DA:54,0
DA:55,0
DA:56,0
DA:57,0
DA:58,0
DA:59,19
DA:60,19
DA:61,19
DA:62,19
DA:63,19
DA:64,19
DA:65,19
DA:66,19
DA:68,19
DA:70,19
DA:71,19
DA:72,19
DA:75,19
DA:77,19
DA:78,19
DA:79,19
DA:80,19
DA:82,19
DA:83,19
DA:84,19
DA:85,19
DA:86,19
DA:87,0
DA:88,0
DA:89,0
DA:90,0
DA:91,0
DA:92,0
DA:93,19
DA:95,19
DA:96,19
DA:97,19
DA:98,19
DA:99,19
DA:100,19
DA:101,19
DA:102,19
DA:103,19
DA:104,19
DA:105,19
DA:106,19
DA:107,19
DA:108,19
DA:109,19
DA:111,19
DA:112,19
DA:113,19
DA:114,19
DA:119,19
DA:120,167
DA:121,19
DA:124,19
DA:125,167
DA:126,167
DA:127,167
DA:128,167
DA:129,167
DA:130,167
DA:131,167
DA:132,167
DA:133,167
DA:134,19
DA:139,19
DA:140,74
DA:141,74
DA:142,71
DA:143,71
DA:144,0
DA:145,71
DA:146,71
DA:147,71
DA:148,71
DA:149,71
DA:150,71
DA:151,71
DA:152,71
DA:154,74
DA:155,3
DA:156,3
DA:157,3
DA:158,3
DA:160,0
DA:161,0
DA:162,0
DA:163,0
DA:164,0
DA:165,0
DA:166,0
DA:167,0
DA:168,19
DA:171,19
DA:172,19
DA:173,19
DA:174,19
DA:175,19
DA:176,19
DA:177,19
DA:178,19
DA:179,19
DA:180,19
DA:181,19
DA:182,19
DA:183,19
DA:184,19
DA:185,19
DA:186,19
DA:187,19
DA:188,19
DA:189,19
DA:191,19
DA:192,19
LF:130
LH:110
BRDA:37,0,0,19
BRDA:46,1,0,167
BRDA:52,2,0,167
BRDA:68,3,0,167
BRDA:85,4,0,155
BRDA:119,5,0,167
BRDA:124,6,0,167
BRDA:128,7,0,0
BRDA:139,8,0,74
BRDA:141,9,0,71
BRDA:143,10,0,0
BRDA:152,11,0,3
BRDA:154,12,0,16
BRDA:154,13,0,3
BRDA:156,14,0,0
BRDA:158,15,0,0
BRF:16
BRH:12
end_of_record
TN:
SF:src\config.ts
FN:69,validateEnv
FNF:1
FNH:0
FNDA:0,validateEnv
DA:1,1
DA:8,1
DA:9,1
DA:12,1
DA:13,1
DA:14,1
DA:15,828
DA:16,828
DA:17,11
DA:18,11
DA:19,828
DA:20,1
DA:47,1
DA:49,1
DA:50,1
DA:51,1
DA:52,1
DA:53,1
DA:56,1
DA:57,1
DA:58,1
DA:59,1
DA:60,1
DA:61,1
DA:62,1
DA:63,1
DA:64,1
DA:65,1
DA:66,1
DA:69,1
DA:70,0
DA:71,0
DA:72,0
DA:73,0
DA:74,0
DA:77,0
DA:78,0
DA:79,0
DA:80,0
DA:81,0
DA:82,0
DA:83,0
DA:84,0
LF:43
LH:30
BRDA:14,0,0,828
BRDA:16,1,0,253
BRDA:16,2,0,11
BRDA:57,3,0,0
BRDA:65,4,0,23
BRF:5
BRH:4
end_of_record
TN:
SF:src\server.ts
FN:1,(empty-report)
FNF:1
FNH:0
FNDA:0,(empty-report)
DA:1,0
DA:2,0
DA:3,0
DA:4,0
DA:5,0
DA:6,0
DA:7,0
DA:8,0
DA:9,0
DA:10,0
DA:11,0
DA:12,0
DA:13,0
DA:14,0
DA:15,0
DA:16,0
DA:17,0
DA:18,0
DA:19,0
DA:20,0
DA:21,0
DA:22,0
DA:23,0
DA:24,0
DA:25,0
DA:26,0
DA:27,0
DA:28,0
DA:29,0
DA:30,0
DA:31,0
DA:32,0
DA:33,0
DA:34,0
DA:35,0
DA:36,0
DA:37,0
DA:38,0
DA:39,0
DA:40,0
DA:41,0
LF:41
LH:0
BRDA:1,0,0,0
BRF:1
BRH:0
end_of_record
TN:
SF:src\auth\authorize.ts
FN:10,ForbiddenError
FN:19,requireRole
FN:38,canActOnUser
FNF:3
FNH:3
FNDA:20,ForbiddenError
FNDA:1007,requireRole
FNDA:10,canActOnUser
DA:1,1
DA:9,1
DA:10,1
DA:11,20
DA:12,20
DA:13,1
DA:19,1
DA:20,1007
DA:21,108
DA:22,108
DA:23,0
DA:24,0
DA:25,108
DA:26,108
DA:27,14
DA:28,14
DA:29,108
DA:30,1007
DA:38,1
DA:39,10
DA:40,10
DA:41,10
DA:42,10
DA:43,10
DA:44,10
DA:45,10
DA:46,10
DA:47,10
LF:28
LH:26
BRDA:10,0,0,20
BRDA:19,1,0,1007
BRDA:20,2,0,108
BRDA:22,3,0,0
BRDA:25,4,0,0
BRDA:26,5,0,14
BRDA:38,6,0,10
BRDA:44,7,0,7
BRDA:45,8,0,5
BRF:9
BRH:7
end_of_record
TN:
SF:src\auth\jwt.ts
FN:14,isLocale
FN:31,getSecret
FN:40,signJwt
FN:46,verifyJwt
FNF:4
FNH:4
FNDA:309,isLocale
FNDA:303,getSecret
FNDA:153,signJwt
FNDA:150,verifyJwt
DA:1,1
DA:11,1
DA:12,1
DA:14,1
DA:15,309
DA:16,309
DA:31,303
DA:33,303
DA:34,303
DA:35,0
DA:36,0
DA:37,303
DA:38,303
DA:40,1
DA:41,153
DA:42,153
DA:43,153
DA:44,153
DA:46,1
DA:47,150
DA:48,150
DA:49,0
DA:50,0
DA:52,148
DA:56,148
DA:57,148
DA:58,148
DA:59,148
DA:60,148
DA:61,148
DA:62,148
DA:63,150
DA:64,0
DA:65,0
DA:67,150
DA:68,150
DA:69,150
LF:37
LH:31
BRDA:14,0,0,309
BRDA:15,1,0,307
BRDA:31,2,0,303
BRDA:34,3,0,0
BRDA:40,4,0,153
BRDA:46,5,0,150
BRDA:48,6,0,0
BRDA:50,7,0,148
BRDA:58,8,0,148
BRDA:59,9,0,148
BRDA:60,10,0,148
BRDA:61,11,0,148
BRDA:63,12,0,0
BRDA:65,13,0,148
BRDA:67,14,0,147
BRDA:67,15,0,1
BRF:16
BRH:13
end_of_record
TN:
SF:src\auth\middleware.ts
FN:16,requireAuth
FNF:1
FNH:1
FNDA:150,requireAuth
DA:1,1
DA:16,150
DA:17,150
DA:18,150
DA:19,4
DA:20,4
DA:21,4
DA:22,4
DA:23,4
DA:24,4
DA:25,4
DA:26,4
DA:28,146
DA:29,146
DA:30,146
DA:31,146
DA:33,146
DA:35,146
DA:36,150
DA:37,0
DA:38,0
DA:39,0
DA:40,0
DA:41,0
DA:42,0
DA:43,0
DA:44,0
DA:45,0
DA:46,150
LF:29
LH:20
BRDA:16,0,0,150
BRDA:18,1,0,146
BRDA:18,2,0,4
BRDA:26,3,0,146
BRDA:36,4,0,0
BRF:5
BRH:4
end_of_record
TN:
SF:src\auth\password.ts
FN:14,hashPassword
FN:18,comparePassword
FNF:2
FNH:2
FNDA:32,hashPassword
FNDA:16,comparePassword
DA:1,1
DA:12,1
DA:14,32
DA:15,32
DA:16,32
DA:18,16
DA:19,16
DA:20,16
LF:8
LH:8
BRDA:14,0,0,32
BRDA:18,1,0,16
BRF:2
BRH:2
end_of_record
TN:
SF:src\auth\roles.ts
FN:15,isUserRole
FNF:1
FNH:1
FNDA:150,isUserRole
DA:4,1
DA:5,1
DA:6,1
DA:7,1
DA:8,1
DA:9,1
DA:10,1
DA:11,1
DA:15,1
DA:16,150
DA:17,150
LF:11
LH:11
BRDA:15,0,0,150
BRF:1
BRH:1
end_of_record
TN:
SF:src\db\migrate.ts
FN:1,(empty-report)
FNF:1
FNH:0
FNDA:0,(empty-report)
DA:1,0
DA:2,0
DA:3,0
DA:4,0
DA:5,0
DA:6,0
DA:7,0
DA:8,0
DA:9,0
DA:10,0
DA:11,0
DA:12,0
DA:13,0
DA:14,0
DA:15,0
DA:16,0
DA:17,0
DA:18,0
DA:19,0
DA:20,0
DA:21,0
DA:22,0
DA:23,0
DA:24,0
DA:25,0
DA:26,0
DA:27,0
DA:28,0
DA:29,0
DA:30,0
DA:31,0
DA:32,0
DA:33,0
DA:34,0
DA:35,0
DA:36,0
DA:37,0
DA:38,0
DA:39,0
DA:40,0
DA:41,0
DA:42,0
DA:43,0
DA:44,0
DA:45,0
DA:46,0
DA:47,0
DA:48,0
DA:49,0
DA:50,0
DA:51,0
DA:52,0
DA:53,0
DA:54,0
DA:55,0
DA:56,0
DA:57,0
DA:58,0
DA:59,0
DA:60,0
DA:61,0
DA:62,0
DA:63,0
DA:64,0
DA:65,0
DA:66,0
DA:67,0
DA:68,0
DA:69,0
DA:70,0
DA:71,0
DA:72,0
DA:73,0
DA:74,0
DA:75,0
DA:76,0
DA:77,0
DA:78,0
DA:79,0
DA:80,0
DA:81,0
DA:82,0
DA:83,0
DA:84,0
DA:85,0
DA:86,0
DA:87,0
DA:88,0
DA:89,0
DA:90,0
DA:91,0
DA:92,0
DA:93,0
DA:94,0
DA:95,0
DA:96,0
DA:97,0
DA:98,0
DA:99,0
DA:100,0
DA:101,0
DA:102,0
DA:103,0
DA:104,0
DA:105,0
LF:105
LH:0
BRDA:1,0,0,0
BRF:1
BRH:0
end_of_record
TN:
SF:src\db\pools.ts
FN:18,getOwnerPool
FN:29,getAppPool
FN:40,closePools
FNF:3
FNH:2
FNDA:127,getOwnerPool
FNDA:0,getAppPool
FNDA:19,closePools
DA:1,1
DA:13,1
DA:15,1
DA:16,1
DA:18,1
DA:19,127
DA:20,18
DA:21,18
DA:22,0
DA:23,0
DA:24,18
DA:25,18
DA:26,127
DA:27,127
DA:29,1
DA:30,0
DA:31,0
DA:32,0
DA:33,0
DA:34,0
DA:35,0
DA:36,0
DA:37,0
DA:38,0
DA:40,19
DA:41,19
DA:42,0
DA:43,0
DA:44,0
DA:45,19
DA:46,0
DA:47,0
DA:48,0
DA:49,19
LF:34
LH:17
BRDA:13,0,0,29
BRDA:18,1,0,127
BRDA:19,2,0,18
BRDA:21,3,0,0
BRDA:40,4,0,19
BRDA:41,5,0,0
BRDA:45,6,0,0
BRF:7
BRH:4
end_of_record
TN:
SF:src\db\schema.ts
FN:1,(empty-report)
FNF:1
FNH:0
FNDA:0,(empty-report)
DA:1,0
DA:2,0
DA:3,0
DA:4,0
DA:5,0
DA:6,0
DA:7,0
DA:8,0
LF:8
LH:0
BRDA:1,0,0,0
BRF:1
BRH:0
end_of_record
TN:
SF:src\db\withTenant.ts
FN:1,(empty-report)
FNF:1
FNH:0
FNDA:0,(empty-report)
DA:1,0
DA:2,0
DA:3,0
DA:4,0
DA:5,0
DA:6,0
DA:7,0
DA:8,0
DA:9,0
DA:10,0
DA:11,0
DA:12,0
DA:13,0
DA:14,0
DA:15,0
DA:16,0
DA:17,0
DA:18,0
DA:19,0
DA:20,0
DA:21,0
DA:22,0
DA:23,0
DA:24,0
DA:25,0
DA:26,0
DA:27,0
DA:28,0
DA:29,0
DA:30,0
DA:31,0
DA:32,0
DA:33,0
DA:34,0
DA:35,0
DA:36,0
DA:37,0
DA:38,0
DA:39,0
DA:40,0
DA:41,0
DA:42,0
DA:43,0
LF:43
LH:0
BRDA:1,0,0,0
BRF:1
BRH:0
end_of_record
TN:
SF:src\lib\errors.ts
FN:10,HttpError
FN:23,UnauthorizedError
FN:29,LockedError
FN:35,ValidationError
FN:41,NotFoundError
FN:47,ServiceUnavailableError
FNF:6
FNH:5
FNDA:71,HttpError
FNDA:9,UnauthorizedError
FNDA:1,LockedError
FNDA:13,ValidationError
FNDA:3,NotFoundError
FNDA:0,ServiceUnavailableError
DA:9,1
DA:10,1
DA:11,71
DA:12,71
DA:13,71
DA:14,71
DA:15,71
DA:16,71
DA:17,71
DA:18,71
DA:19,71
DA:20,1
DA:22,1
DA:23,1
DA:24,9
DA:25,9
DA:26,1
DA:28,1
DA:29,1
DA:30,1
DA:31,1
DA:32,1
DA:34,1
DA:35,1
DA:36,13
DA:37,13
DA:38,1
DA:40,1
DA:41,1
DA:42,3
DA:43,3
DA:44,1
DA:46,1
DA:47,1
DA:48,0
DA:49,0
DA:50,0
DA:51,0
DA:52,0
DA:53,0
DA:54,1
LF:41
LH:35
BRDA:10,0,0,71
BRDA:23,1,0,9
BRDA:29,2,0,1
BRDA:35,3,0,13
BRDA:41,4,0,3
BRF:5
BRH:5
end_of_record
TN:
SF:src\lib\i18n.ts
FN:30,initI18n
FN:78,t
FN:91,resolveLocaleFromAcceptLanguage
FNF:3
FNH:3
FNDA:20,initI18n
FNDA:84,t
FNDA:174,resolveLocaleFromAcceptLanguage
DA:1,1
DA:25,1
DA:28,1
DA:30,1
DA:31,20
DA:33,20
DA:34,20
DA:35,20
DA:36,20
DA:37,20
DA:38,20
DA:40,20
DA:41,20
DA:42,20
DA:43,20
DA:44,20
DA:45,20
DA:46,20
DA:47,20
DA:48,20
DA:49,20
DA:50,20
DA:51,20
DA:52,20
DA:53,20
DA:54,20
DA:55,20
DA:56,20
DA:57,20
DA:58,20
DA:59,20
DA:61,20
DA:62,20
DA:65,20
DA:66,20
DA:67,20
DA:68,20
DA:69,20
DA:78,1
DA:79,84
DA:80,84
DA:81,84
DA:82,84
DA:83,84
DA:84,84
DA:85,84
DA:91,1
DA:92,174
DA:93,8
DA:94,8
DA:95,8
DA:96,8
DA:97,10
DA:98,10
DA:99,10
DA:100,2
DA:101,2
LF:57
LH:57
BRDA:30,0,0,20
BRDA:31,1,0,0
BRDA:78,2,0,84
BRDA:83,3,0,1
BRDA:84,4,0,62
BRDA:91,5,0,174
BRDA:92,6,0,166
BRDA:92,7,0,11
BRDA:92,8,0,10
BRDA:92,9,0,8
BRDA:98,10,0,6
BRDA:99,11,0,2
BRDA:95,12,0,18
BRF:13
BRH:12
end_of_record
TN:
SF:src\lib\locale.ts
FN:28,setInitialLocale
FN:37,applyUserLocale
FNF:2
FNH:2
FNDA:170,setInitialLocale
FNDA:149,applyUserLocale
DA:1,1
DA:28,1
DA:29,170
DA:30,170
DA:31,170
DA:37,1
DA:38,149
DA:39,147
DA:40,149
DA:42,2
DA:43,2
DA:44,149
LF:12
LH:12
BRDA:28,0,0,170
BRDA:30,1,0,5
BRDA:30,2,0,165
BRDA:37,3,0,149
BRDA:38,4,0,147
BRDA:40,5,0,2
BRF:6
BRH:6
end_of_record
TN:
SF:src\lib\log-sanitize.ts
FN:25,sanitizeForLog
FN:49,maskEmail
FNF:2
FNH:2
FNDA:8,sanitizeForLog
FNDA:3,maskEmail
DA:4,1
DA:5,1
DA:6,1
DA:7,1
DA:8,1
DA:9,1
DA:10,1
DA:11,1
DA:12,1
DA:13,1
DA:14,1
DA:15,1
DA:16,1
DA:17,1
DA:18,1
DA:19,1
DA:25,1
DA:26,8
DA:27,8
DA:28,8
DA:29,8
DA:30,8
DA:31,5
DA:32,5
DA:33,5
DA:34,8
DA:35,4
DA:36,4
DA:37,4
DA:38,4
DA:39,8
DA:40,5
DA:41,5
DA:42,0
DA:43,0
DA:49,1
DA:50,3
DA:51,3
DA:52,1
DA:53,1
LF:40
LH:38
BRDA:25,0,0,8
BRDA:26,1,0,0
BRDA:27,2,0,0
BRDA:28,3,0,1
BRDA:28,4,0,7
BRDA:29,5,0,5
BRDA:29,6,0,2
BRDA:29,7,0,5
BRDA:30,8,0,0
BRDA:30,9,0,5
BRDA:33,10,0,8
BRDA:34,11,0,4
BRDA:41,12,0,0
BRDA:49,13,0,3
BRDA:51,14,0,2
BRDA:51,15,0,1
BRF:16
BRH:12
end_of_record
TN:
SF:src\lib\validation.ts
FN:11,validateBody
FNF:1
FNH:1
FNDA:11,validateBody
DA:1,1
DA:11,1
DA:12,11
DA:13,11
DA:14,11
DA:15,0
DA:16,0
DA:17,0
DA:18,0
DA:19,0
DA:20,0
DA:21,11
LF:12
LH:6
BRDA:11,0,0,11
BRDA:14,1,0,0
BRF:2
BRH:1
end_of_record
TN:
SF:src\routes\auth.ts
FN:30,authRoutes
FN:52,handler
FNF:2
FNH:2
FNDA:19,authRoutes
FNDA:11,handler
DA:1,1
DA:30,19
DA:31,19
DA:32,19
DA:35,19
DA:36,19
DA:37,19
DA:38,0
DA:39,19
DA:40,19
DA:41,19
DA:42,19
DA:43,19
DA:44,19
DA:45,19
DA:46,19
DA:47,19
DA:48,19
DA:49,19
DA:50,19
DA:51,19
DA:52,19
DA:53,11
DA:54,11
DA:57,11
DA:58,11
DA:62,11
DA:63,11
DA:65,11
DA:68,11
DA:69,1
DA:71,1
DA:72,1
DA:73,1
DA:74,1
DA:75,1
DA:76,1
DA:79,11
DA:80,1
DA:81,1
DA:82,1
DA:83,1
DA:84,1
DA:85,1
DA:87,9
DA:89,11
DA:91,7
DA:92,7
DA:93,7
DA:94,7
DA:98,7
DA:102,7
DA:103,7
DA:104,7
DA:105,7
DA:106,7
DA:107,7
DA:108,7
DA:109,7
DA:112,2
DA:113,2
DA:116,2
DA:117,2
DA:120,11
DA:122,11
DA:124,11
DA:125,11
DA:126,11
DA:127,11
DA:128,11
DA:129,11
DA:130,11
DA:132,11
DA:133,11
DA:134,11
DA:135,11
DA:137,11
DA:138,11
DA:139,11
DA:140,11
DA:141,11
DA:142,11
DA:143,19
DA:144,19
LF:84
LH:83
BRDA:30,0,0,19
BRDA:37,1,0,0
BRDA:52,2,0,11
BRDA:68,3,0,1
BRDA:76,4,0,10
BRDA:79,5,0,1
BRDA:79,6,0,1
BRDA:85,7,0,9
BRDA:89,8,0,7
BRDA:109,9,0,2
BRDA:120,10,0,0
BRDA:122,11,0,2
BRDA:122,12,0,0
BRF:13
BRH:10
end_of_record
TN:
SF:src\routes\config.ts
FN:8,configRoutes
FN:14,handler
FNF:2
FNH:2
FNDA:19,configRoutes
FNDA:1,handler
DA:1,1
DA:8,19
DA:9,19
DA:10,19
DA:11,19
DA:12,19
DA:13,19
DA:14,19
DA:15,1
DA:16,1
DA:17,1
DA:18,1
DA:19,1
DA:20,1
DA:21,1
DA:22,1
DA:23,1
DA:24,19
DA:25,19
LF:19
LH:19
BRDA:8,0,0,19
BRDA:14,1,0,1
BRF:2
BRH:2
end_of_record
TN:
SF:src\routes\contracts.ts
FN:23,parseOr400
FN:36,InUseError
FN:41,assertPropertyManagerInTenant
FN:54,contractRoutes
FN:67,handler
FN:97,handler
FN:120,handler
FN:166,handler
FN:224,handler
FNF:9
FNH:8
FNDA:4,parseOr400
FNDA:1,InUseError
FNDA:2,assertPropertyManagerInTenant
FNDA:19,contractRoutes
FNDA:3,handler
FNDA:0,handler
FNDA:3,handler
FNDA:1,handler
FNDA:1,handler
DA:1,1
DA:20,1
DA:23,4
DA:24,4
DA:25,4
DA:26,4
DA:27,1
DA:28,1
DA:29,1
DA:30,1
DA:31,0
DA:32,0
DA:33,4
DA:35,1
DA:36,1
DA:37,1
DA:38,1
DA:39,1
DA:41,2
DA:42,2
DA:43,2
DA:44,2
DA:45,2
DA:46,2
DA:47,2
DA:49,2
DA:50,2
DA:51,2
DA:52,2
DA:54,19
DA:56,19
DA:57,19
DA:58,19
DA:59,19
DA:60,19
DA:61,19
DA:62,19
DA:63,19
DA:64,19
DA:65,19
DA:66,19
DA:67,19
DA:68,3
DA:69,3
DA:70,3
DA:71,3
DA:72,3
DA:73,1
DA:74,1
DA:75,1
DA:76,3
DA:77,3
DA:78,3
DA:79,3
DA:80,3
DA:81,3
DA:82,19
DA:85,19
DA:86,19
DA:87,19
DA:88,19
DA:89,19
DA:90,19
DA:91,19
DA:92,19
DA:93,19
DA:94,19
DA:95,19
DA:96,19
DA:97,19
DA:98,0
DA:99,0
DA:100,0
DA:101,0
DA:102,0
DA:104,0
DA:105,0
DA:106,0
DA:107,0
DA:108,0
DA:109,0
DA:110,19
DA:113,19
DA:114,19
DA:115,19
DA:116,19
DA:117,19
DA:118,19
DA:119,19
DA:120,19
DA:121,3
DA:122,3
DA:123,3
DA:124,3
DA:126,1
DA:127,1
DA:131,1
DA:132,1
DA:133,1
DA:134,1
DA:135,1
DA:136,3
DA:137,3
DA:138,3
DA:139,3
DA:140,3
DA:141,3
DA:142,3
DA:143,3
DA:144,1
DA:145,1
DA:146,1
DA:147,1
DA:148,1
DA:149,1
DA:150,3
DA:151,19
DA:154,19
DA:155,19
DA:156,19
DA:157,19
DA:158,19
DA:159,19
DA:160,19
DA:161,19
DA:162,19
DA:163,19
DA:164,19
DA:165,19
DA:166,19
DA:167,1
DA:168,1
DA:169,1
DA:170,1
DA:172,1
DA:173,0
DA:174,0
DA:176,1
DA:177,1
DA:178,1
DA:179,1
DA:180,1
DA:181,1
DA:182,1
DA:183,1
DA:184,1
DA:185,1
DA:186,1
DA:187,1
DA:188,1
DA:189,1
DA:190,1
DA:191,1
DA:192,1
DA:193,1
DA:194,1
DA:195,1
DA:196,1
DA:197,1
DA:199,1
DA:200,1
DA:201,1
DA:202,1
DA:203,1
DA:204,1
DA:205,1
DA:206,1
DA:207,1
DA:208,1
DA:209,19
DA:212,19
DA:213,19
DA:214,19
DA:215,19
DA:216,19
DA:217,19
DA:218,19
DA:219,19
DA:220,19
DA:221,19
DA:222,19
DA:223,19
DA:224,19
DA:225,1
DA:226,1
DA:227,1
DA:229,1
DA:230,1
DA:232,1
DA:233,1
DA:234,1
DA:236,1
DA:237,1
DA:241,1
DA:242,1
DA:243,1
DA:245,0
DA:246,0
DA:248,0
DA:249,0
DA:250,0
DA:251,0
DA:252,1
DA:253,19
DA:254,19
LF:205
LH:184
BRDA:23,0,0,4
BRDA:26,1,0,1
BRDA:30,2,0,0
BRDA:28,3,0,1
BRDA:36,4,0,1
BRDA:41,5,0,2
BRDA:51,6,0,1
BRDA:54,7,0,19
BRDA:67,8,0,3
BRDA:72,9,0,1
BRDA:80,10,0,3
BRDA:120,11,0,3
BRDA:124,12,0,1
BRDA:136,13,0,0
BRDA:137,14,0,0
BRDA:138,15,0,0
BRDA:139,16,0,0
BRDA:140,17,0,1
BRDA:143,18,0,1
BRDA:166,19,0,1
BRDA:172,20,0,0
BRDA:206,21,0,0
BRDA:224,22,0,1
BRDA:234,23,0,0
BRDA:243,24,0,0
BRF:25
BRH:16
end_of_record
TN:
SF:src\routes\employee-skills.ts
FN:34,parseOr400
FN:47,DuplicateAssignmentError
FN:53,loadEmployee
FN:67,employeeSkillsRoutes
FN:81,handler
FN:108,handler
FN:165,handler
FN:219,handler
FN:251,handler
FN:278,handler
FN:333,handler
FN:386,handler
FN:417,handler
FN:449,handler
FNF:14
FNH:11
FNDA:8,parseOr400
FNDA:2,DuplicateAssignmentError
FNDA:11,loadEmployee
FNDA:19,employeeSkillsRoutes
FNDA:1,handler
FNDA:2,handler
FNDA:1,handler
FNDA:1,handler
FNDA:0,handler
FNDA:2,handler
FNDA:0,handler
FNDA:0,handler
FNDA:1,handler
FNDA:3,handler
DA:1,1
DA:27,1
DA:29,1
DA:31,1
DA:34,8
DA:35,8
DA:36,8
DA:37,8
DA:38,0
DA:39,0
DA:40,0
DA:41,0
DA:42,0
DA:43,0
DA:44,8
DA:46,1
DA:47,1
DA:48,2
DA:49,2
DA:50,1
DA:53,11
DA:54,11
DA:55,11
DA:56,11
DA:57,11
DA:58,11
DA:59,11
DA:61,11
DA:62,11
DA:63,11
DA:64,11
DA:65,11
DA:67,19
DA:69,19
DA:70,19
DA:71,19
DA:72,19
DA:73,19
DA:74,19
DA:75,19
DA:76,19
DA:77,19
DA:78,19
DA:79,19
DA:80,19
DA:81,19
DA:82,1
DA:83,1
DA:84,1
DA:85,1
DA:86,1
DA:87,1
DA:90,1
DA:91,1
DA:92,1
DA:93,1
DA:94,19
DA:96,19
DA:97,19
DA:98,19
DA:99,19
DA:100,19
DA:101,19
DA:102,19
DA:103,19
DA:104,19
DA:105,19
DA:106,19
DA:107,19
DA:108,19
DA:109,2
DA:110,2
DA:111,2
DA:112,2
DA:113,2
DA:116,2
DA:117,2
DA:119,2
DA:120,2
DA:121,2
DA:123,2
DA:124,2
DA:125,2
DA:128,2
DA:129,2
DA:130,2
DA:131,2
DA:132,2
DA:133,2
DA:134,2
DA:135,2
DA:136,2
DA:137,2
DA:138,1
DA:139,1
DA:140,1
DA:141,1
DA:142,1
DA:143,0
DA:144,0
DA:145,2
DA:146,19
DA:148,19
DA:149,19
DA:150,19
DA:151,19
DA:152,19
DA:153,19
DA:154,19
DA:155,19
DA:156,19
DA:157,19
DA:158,19
DA:159,19
DA:160,19
DA:161,19
DA:162,19
DA:163,19
DA:164,19
DA:165,19
DA:166,1
DA:167,1
DA:168,1
DA:169,1
DA:170,1
DA:172,1
DA:173,1
DA:174,1
DA:175,1
DA:176,1
DA:177,1
DA:178,1
DA:179,1
DA:180,1
DA:181,1
DA:182,1
DA:183,1
DA:184,1
DA:185,1
DA:186,1
DA:187,1
DA:189,1
DA:190,1
DA:191,1
DA:192,1
DA:193,1
DA:194,1
DA:195,1
DA:196,1
DA:197,1
DA:198,1
DA:199,19
DA:200,19
DA:202,19
DA:203,19
DA:204,19
DA:205,19
DA:206,19
DA:207,19
DA:208,19
DA:209,19
DA:210,19
DA:211,19
DA:212,19
DA:213,19
DA:214,19
DA:215,19
DA:216,19
DA:217,19
DA:218,19
DA:219,19
DA:220,1
DA:221,1
DA:222,1
DA:223,1
DA:225,1
DA:226,1
DA:229,1
DA:230,1
DA:231,1
DA:232,1
DA:233,1
DA:234,1
DA:235,19
DA:236,19
DA:239,19
DA:240,19
DA:241,19
DA:242,19
DA:243,19
DA:244,19
DA:245,19
DA:246,19
DA:247,19
DA:248,19
DA:249,19
DA:250,19
DA:251,19
DA:252,0
DA:253,0
DA:254,0
DA:255,0
DA:256,0
DA:257,0
DA:260,0
DA:261,0
DA:262,0
DA:263,0
DA:264,19
DA:266,19
DA:267,19
DA:268,19
DA:269,19
DA:270,19
DA:271,19
DA:272,19
DA:273,19
DA:274,19
DA:275,19
DA:276,19
DA:277,19
DA:278,19
DA:279,2
DA:280,2
DA:281,2
DA:282,2
DA:283,2
DA:285,2
DA:286,2
DA:288,2
DA:289,2
DA:290,2
DA:292,2
DA:293,2
DA:294,2
DA:297,2
DA:298,2
DA:299,2
DA:300,2
DA:301,2
DA:302,2
DA:303,2
DA:304,2
DA:305,2
DA:306,1
DA:307,1
DA:308,1
DA:309,1
DA:310,1
DA:311,0
DA:312,0
DA:313,2
DA:314,19
DA:316,19
DA:317,19
DA:318,19
DA:319,19
DA:320,19
DA:321,19
DA:322,19
DA:323,19
DA:324,19
DA:325,19
DA:326,19
DA:327,19
DA:328,19
DA:329,19
DA:330,19
DA:331,19
DA:332,19
DA:333,19
DA:334,0
DA:335,0
DA:336,0
DA:337,0
DA:338,0
DA:340,0
DA:341,0
DA:342,0
DA:343,0
DA:344,0
DA:345,0
DA:346,0
DA:347,0
DA:348,0
DA:349,0
DA:350,0
DA:351,0
DA:352,0
DA:353,0
DA:354,0
DA:356,0
DA:357,0
DA:358,0
DA:359,0
DA:360,0
DA:361,0
DA:362,0
DA:363,0
DA:364,0
DA:365,0
DA:366,19
DA:367,19
DA:369,19
DA:370,19
DA:371,19
DA:372,19
DA:373,19
DA:374,19
DA:375,19
DA:376,19
DA:377,19
DA:378,19
DA:379,19
DA:380,19
DA:381,19
DA:382,19
DA:383,19
DA:384,19
DA:385,19
DA:386,19
DA:387,0
DA:388,0
DA:389,0
DA:390,0
DA:391,0
DA:392,0
DA:395,0
DA:396,0
DA:397,0
DA:398,0
DA:399,0
DA:400,0
DA:401,19
DA:402,19
DA:405,19
DA:406,19
DA:407,19
DA:408,19
DA:409,19
DA:410,19
DA:411,19
DA:412,19
DA:413,19
DA:414,19
DA:415,19
DA:416,19
DA:417,19
DA:418,1
DA:419,1
DA:420,1
DA:421,1
DA:422,1
DA:423,1
DA:426,1
DA:427,1
DA:428,1
DA:429,1
DA:430,19
DA:432,19
DA:433,19
DA:434,19
DA:435,19
DA:436,19
DA:437,19
DA:438,19
DA:439,19
DA:440,19
DA:441,19
DA:442,19
DA:443,19
DA:444,19
DA:445,19
DA:446,19
DA:447,19
DA:448,19
DA:449,19
DA:450,3
DA:451,3
DA:452,3
DA:453,3
DA:454,0
DA:455,0
DA:456,0
DA:457,0
DA:458,3
DA:459,3
DA:460,3
DA:462,3
DA:463,3
DA:472,3
DA:473,3
DA:474,3
DA:475,3
DA:476,3
DA:477,3
DA:478,3
DA:479,3
DA:480,3
DA:481,3
DA:482,3
DA:483,3
DA:484,3
DA:485,19
DA:486,19
DA:487,19
LF:406
LH:340
BRDA:34,0,0,8
BRDA:37,1,0,0
BRDA:47,2,0,2
BRDA:53,3,0,11
BRDA:63,4,0,0
BRDA:67,5,0,19
BRDA:81,6,0,1
BRDA:108,7,0,2
BRDA:121,8,0,0
BRDA:133,9,0,1
BRDA:137,10,0,1
BRDA:142,11,0,0
BRDA:165,12,0,1
BRDA:196,13,0,0
BRDA:219,14,0,1
BRDA:231,15,0,0
BRDA:278,16,0,2
BRDA:290,17,0,0
BRDA:305,18,0,1
BRDA:310,19,0,0
BRDA:417,20,0,1
BRDA:449,21,0,3
BRDA:453,22,0,0
BRDA:477,23,0,0
BRDA:478,24,0,1
BRDA:479,25,0,1
BRF:26
BRH:16
end_of_record
TN:
SF:src\routes\employees.ts
FN:26,parseOr400
FN:43,InUseError
FN:49,UserTenantMismatchError
FN:58,assertUserInTenant
FN:71,employeeRoutes
FN:81,handler
FN:108,handler
FN:139,handler
FN:202,handler
FN:270,handler
FNF:10
FNH:9
FNDA:3,parseOr400
FNDA:1,InUseError
FNDA:1,UserTenantMismatchError
FNDA:2,assertUserInTenant
FNDA:19,employeeRoutes
FNDA:2,handler
FNDA:1,handler
FNDA:3,handler
FNDA:0,handler
FNDA:2,handler
DA:1,1
DA:22,1
DA:26,3
DA:27,3
DA:28,3
DA:29,3
DA:30,1
DA:31,1
DA:32,1
DA:33,1
DA:34,1
DA:35,1
DA:36,1
DA:37,1
DA:38,0
DA:39,0
DA:40,3
DA:42,1
DA:43,1
DA:44,1
DA:45,1
DA:46,1
DA:48,1
DA:49,1
DA:50,1
DA:51,1
DA:52,1
DA:58,2
DA:59,2
DA:60,2
DA:61,2
DA:62,2
DA:63,2
DA:64,1
DA:65,1
DA:66,1
DA:67,1
DA:68,1
DA:69,2
DA:71,19
DA:73,19
DA:74,19
DA:75,19
DA:76,19
DA:77,19
DA:78,19
DA:79,19
DA:80,19
DA:81,19
DA:82,2
DA:83,2
DA:84,2
DA:85,2
DA:88,2
DA:89,2
DA:90,2
DA:91,2
DA:92,2
DA:93,19
DA:96,19
DA:97,19
DA:98,19
DA:99,19
DA:100,19
DA:101,19
DA:102,19
DA:103,19
DA:104,19
DA:105,19
DA:106,19
DA:107,19
DA:108,19
DA:109,1
DA:110,1
DA:111,1
DA:112,1
DA:113,1
DA:115,1
DA:116,1
DA:117,1
DA:118,1
DA:121,1
DA:122,1
DA:124,1
DA:125,1
DA:127,1
DA:128,1
DA:129,19
DA:132,19
DA:133,19
DA:134,19
DA:135,19
DA:136,19
DA:137,19
DA:138,19
DA:139,19
DA:140,3
DA:141,3
DA:142,3
DA:144,3
DA:146,1
DA:147,1
DA:152,1
DA:153,1
DA:154,1
DA:155,1
DA:156,3
DA:157,3
DA:158,3
DA:159,3
DA:160,3
DA:161,3
DA:162,3
DA:163,3
DA:164,3
DA:165,3
DA:166,3
DA:167,3
DA:168,3
DA:169,3
DA:170,3
DA:171,3
DA:172,1
DA:174,1
DA:175,1
DA:177,1
DA:178,1
DA:180,1
DA:181,1
DA:182,1
DA:183,1
DA:184,1
DA:185,1
DA:186,3
DA:187,19
DA:190,19
DA:191,19
DA:192,19
DA:193,19
DA:194,19
DA:195,19
DA:196,19
DA:197,19
DA:198,19
DA:199,19
DA:200,19
DA:201,19
DA:202,19
DA:203,0
DA:204,0
DA:205,0
DA:206,0
DA:208,0
DA:210,0
DA:211,0
DA:212,0
DA:213,0
DA:214,0
DA:215,0
DA:216,0
DA:217,0
DA:218,0
DA:219,0
DA:220,0
DA:221,0
DA:222,0
DA:223,0
DA:224,0
DA:225,0
DA:226,0
DA:227,0
DA:228,0
DA:229,0
DA:230,0
DA:231,0
DA:232,0
DA:233,0
DA:234,0
DA:235,0
DA:236,0
DA:237,0
DA:238,0
DA:239,0
DA:241,0
DA:242,0
DA:243,0
DA:244,0
DA:245,0
DA:246,0
DA:247,0
DA:248,0
DA:249,0
DA:250,0
DA:251,0
DA:252,0
DA:253,0
DA:254,0
DA:255,19
DA:258,19
DA:259,19
DA:260,19
DA:261,19
DA:262,19
DA:263,19
DA:264,19
DA:265,19
DA:266,19
DA:267,19
DA:268,19
DA:269,19
DA:270,19
DA:271,2
DA:272,2
DA:273,2
DA:275,2
DA:276,2
DA:278,2
DA:279,2
DA:280,2
DA:282,2
DA:283,2
DA:290,2
DA:291,2
DA:292,2
DA:294,1
DA:295,1
DA:297,1
DA:298,1
DA:300,1
DA:301,1
DA:303,1
DA:304,1
DA:306,1
DA:307,1
DA:308,1
DA:309,2
DA:310,19
DA:311,19
LF:238
LH:187
BRDA:26,0,0,3
BRDA:29,1,0,1
BRDA:34,2,0,0
BRDA:35,3,0,0
BRDA:37,4,0,0
BRDA:31,5,0,1
BRDA:32,6,0,1
BRDA:43,7,0,1
BRDA:49,8,0,1
BRDA:58,9,0,2
BRDA:63,10,0,1
BRDA:71,11,0,19
BRDA:81,12,0,2
BRDA:90,13,0,2
BRDA:108,14,0,1
BRDA:118,15,0,0
BRDA:139,16,0,3
BRDA:144,17,0,1
BRDA:156,18,0,1
BRDA:159,19,0,1
BRDA:161,20,0,0
BRDA:162,21,0,0
BRDA:163,22,0,1
BRDA:164,23,0,1
BRDA:165,24,0,1
BRDA:166,25,0,1
BRDA:167,26,0,1
BRDA:168,27,0,1
BRDA:171,28,0,1
BRDA:270,29,0,2
BRDA:280,30,0,0
BRDA:292,31,0,1
BRF:32
BRH:25
end_of_record
TN:
SF:src\routes\equipment-types.ts
FN:22,parseOr400
FN:35,InUseError
FN:41,DuplicateCodeError
FN:46,mapPgError
FN:52,equipmentTypeRoutes
FN:61,handler
FN:87,handler
FN:110,handler
FN:153,handler
FN:209,handler
FNF:10
FNH:6
FNDA:4,parseOr400
FNDA:1,InUseError
FNDA:0,DuplicateCodeError
FNDA:0,mapPgError
FNDA:19,equipmentTypeRoutes
FNDA:0,handler
FNDA:0,handler
FNDA:3,handler
FNDA:1,handler
FNDA:2,handler
DA:1,1
DA:19,1
DA:22,4
DA:23,4
DA:24,4
DA:25,4
DA:26,2
DA:27,2
DA:28,2
DA:29,2
DA:30,0
DA:31,0
DA:32,4
DA:34,1
DA:35,1
DA:36,1
DA:37,1
DA:38,1
DA:40,1
DA:41,1
DA:42,0
DA:43,0
DA:44,1
DA:46,0
DA:47,0
DA:48,0
DA:49,0
DA:50,0
DA:52,19
DA:54,19
DA:55,19
DA:56,19
DA:57,19
DA:58,19
DA:59,19
DA:60,19
DA:61,19
DA:62,0
DA:63,0
DA:64,0
DA:65,0
DA:68,0
DA:69,0
DA:70,0
DA:71,0
DA:72,19
DA:75,19
DA:76,19
DA:77,19
DA:78,19
DA:79,19
DA:80,19
DA:81,19
DA:82,19
DA:83,19
DA:84,19
DA:85,19
DA:86,19
DA:87,19
DA:88,0
DA:89,0
DA:90,0
DA:91,0
DA:92,0
DA:94,0
DA:95,0
DA:96,0
DA:97,0
DA:98,0
DA:99,0
DA:100,19
DA:103,19
DA:104,19
DA:105,19
DA:106,19
DA:107,19
DA:108,19
DA:109,19
DA:110,19
DA:111,3
DA:112,3
DA:113,3
DA:114,3
DA:115,3
DA:116,3
DA:118,3
DA:119,3
DA:120,3
DA:121,3
DA:122,3
DA:123,3
DA:124,3
DA:125,3
DA:126,3
DA:127,3
DA:128,1
DA:129,1
DA:130,1
DA:131,1
DA:132,1
DA:133,1
DA:134,3
DA:135,0
DA:136,0
DA:137,3
DA:138,19
DA:141,19
DA:142,19
DA:143,19
DA:144,19
DA:145,19
DA:146,19
DA:147,19
DA:148,19
DA:149,19
DA:150,19
DA:151,19
DA:152,19
DA:153,19
DA:154,1
DA:155,1
DA:156,1
DA:158,1
DA:159,1
DA:160,1
DA:161,1
DA:162,1
DA:163,1
DA:164,1
DA:165,1
DA:166,1
DA:167,1
DA:168,1
DA:169,1
DA:170,1
DA:171,1
DA:172,1
DA:173,1
DA:174,1
DA:175,1
DA:176,1
DA:178,1
DA:179,1
DA:180,1
DA:181,1
DA:182,1
DA:183,1
DA:184,1
DA:185,1
DA:186,1
DA:187,1
DA:188,1
DA:189,1
DA:190,0
DA:191,0
DA:192,0
DA:193,1
DA:194,19
DA:197,19
DA:198,19
DA:199,19
DA:200,19
DA:201,19
DA:202,19
DA:203,19
DA:204,19
DA:205,19
DA:206,19
DA:207,19
DA:208,19
DA:209,19
DA:210,2
DA:211,2
DA:212,2
DA:214,2
DA:215,2
DA:217,2
DA:218,2
DA:219,2
DA:221,2
DA:222,2
DA:226,2
DA:227,2
DA:228,2
DA:230,1
DA:231,1
DA:233,1
DA:234,1
DA:235,1
DA:236,1
DA:237,1
DA:238,1
DA:239,1
DA:240,1
DA:241,2
DA:242,19
DA:243,19
LF:197
LH:164
BRDA:22,0,0,4
BRDA:25,1,0,2
BRDA:29,2,0,0
BRDA:27,3,0,2
BRDA:35,4,0,1
BRDA:52,5,0,19
BRDA:110,6,0,3
BRDA:125,7,0,1
BRDA:127,8,0,1
BRDA:134,9,0,0
BRDA:153,10,0,1
BRDA:187,11,0,0
BRDA:189,12,0,0
BRDA:209,13,0,2
BRDA:219,14,0,0
BRDA:228,15,0,1
BRF:16
BRH:11
end_of_record
TN:
SF:src\routes\health.ts
FN:8,healthRoutes
FN:14,handler
FNF:2
FNH:2
FNDA:19,healthRoutes
FNDA:1,handler
DA:1,1
DA:8,19
DA:9,19
DA:10,19
DA:11,19
DA:12,19
DA:13,19
DA:14,19
DA:15,1
DA:16,1
DA:17,1
DA:18,1
DA:19,1
DA:20,0
DA:21,0
DA:22,0
DA:23,0
DA:24,0
DA:25,1
DA:26,19
DA:27,19
LF:21
LH:16
BRDA:8,0,0,19
BRDA:14,1,0,1
BRDA:19,2,0,0
BRF:3
BRH:2
end_of_record
TN:
SF:src\routes\properties.ts
FN:30,parseOr400
FN:43,InUseError
FN:48,loadProperty
FN:62,propertyRoutes
FN:76,handler
FN:114,handler
FN:136,handler
FN:190,handler
FN:253,handler
FN:294,handler
FN:321,handler
FN:364,handler
FN:420,handler
FNF:13
FNH:10
FNDA:4,parseOr400
FNDA:1,InUseError
FNDA:3,loadProperty
FNDA:19,propertyRoutes
FNDA:1,handler
FNDA:0,handler
FNDA:2,handler
FNDA:0,handler
FNDA:1,handler
FNDA:1,handler
FNDA:1,handler
FNDA:1,handler
FNDA:0,handler
DA:1,1
DA:22,1
DA:27,1
DA:30,4
DA:31,4
DA:32,4
DA:33,4
DA:34,2
DA:35,2
DA:36,2
DA:37,2
DA:38,0
DA:39,0
DA:40,4
DA:42,1
DA:43,1
DA:44,1
DA:45,1
DA:46,1
DA:48,3
DA:49,3
DA:50,3
DA:51,3
DA:52,3
DA:53,3
DA:54,3
DA:56,3
DA:57,3
DA:58,3
DA:59,3
DA:60,3
DA:62,19
DA:64,19
DA:65,19
DA:66,19
DA:67,19
DA:68,19
DA:69,19
DA:70,19
DA:71,19
DA:72,19
DA:73,19
DA:74,19
DA:75,19
DA:76,19
DA:77,1
DA:78,1
DA:79,1
DA:80,1
DA:81,1
DA:82,1
DA:83,1
DA:84,1
DA:88,1
DA:89,1
DA:90,1
DA:91,0
DA:92,0
DA:95,0
DA:96,0
DA:97,0
DA:98,1
DA:99,1
DA:100,19
DA:102,19
DA:103,19
DA:104,19
DA:105,19
DA:106,19
DA:107,19
DA:108,19
DA:109,19
DA:110,19
DA:111,19
DA:112,19
DA:113,19
DA:114,19
DA:115,0
DA:116,0
DA:117,0
DA:118,0
DA:119,0
DA:121,0
DA:122,0
DA:123,0
DA:124,0
DA:125,0
DA:126,0
DA:127,19
DA:129,19
DA:130,19
DA:131,19
DA:132,19
DA:133,19
DA:134,19
DA:135,19
DA:136,19
DA:137,2
DA:138,2
DA:139,2
DA:140,2
DA:141,2
DA:146,2
DA:147,2
DA:148,2
DA:149,2
DA:150,2
DA:151,2
DA:152,2
DA:153,2
DA:154,2
DA:155,2
DA:156,2
DA:157,2
DA:158,2
DA:159,2
DA:160,2
DA:161,2
DA:162,2
DA:163,2
DA:164,2
DA:165,2
DA:166,2
DA:167,2
DA:168,2
DA:169,1
DA:170,1
DA:171,1
DA:172,1
DA:173,1
DA:174,1
DA:175,2
DA:176,19
DA:178,19
DA:179,19
DA:180,19
DA:181,19
DA:182,19
DA:183,19
DA:184,19
DA:185,19
DA:186,19
DA:187,19
DA:188,19
DA:189,19
DA:190,19
DA:191,0
DA:192,0
DA:193,0
DA:194,0
DA:195,0
DA:196,0
DA:197,0
DA:198,0
DA:199,0
DA:200,0
DA:201,0
DA:202,0
DA:203,0
DA:204,0
DA:205,0
DA:206,0
DA:207,0
DA:208,0
DA:209,0
DA:210,0
DA:211,0
DA:212,0
DA:213,0
DA:214,0
DA:215,0
DA:216,0
DA:217,0
DA:218,0
DA:219,0
DA:220,0
DA:221,0
DA:222,0
DA:223,0
DA:224,0
DA:225,0
DA:226,0
DA:228,0
DA:229,0
DA:230,0
DA:231,0
DA:232,0
DA:233,0
DA:234,0
DA:235,0
DA:236,0
DA:237,0
DA:238,0
DA:239,19
DA:241,19
DA:242,19
DA:243,19
DA:244,19
DA:245,19
DA:246,19
DA:247,19
DA:248,19
DA:249,19
DA:250,19
DA:251,19
DA:252,19
DA:253,19
DA:254,1
DA:255,1
DA:256,1
DA:257,1
DA:259,1
DA:260,1
DA:267,1
DA:268,1
DA:269,1
DA:271,0
DA:272,0
DA:274,0
DA:275,0
DA:276,0
DA:277,0
DA:278,1
DA:279,19
DA:282,19
DA:283,19
DA:284,19
DA:285,19
DA:286,19
DA:287,19
DA:288,19
DA:289,19
DA:290,19
DA:291,19
DA:292,19
DA:293,19
DA:294,19
DA:295,1
DA:296,1
DA:297,1
DA:298,1
DA:299,1
DA:300,1
DA:303,1
DA:304,1
DA:305,1
DA:306,1
DA:307,19
DA:309,19
DA:310,19
DA:311,19
DA:312,19
DA:313,19
DA:314,19
DA:315,19
DA:316,19
DA:317,19
DA:318,19
DA:319,19
DA:320,19
DA:321,19
DA:322,1
DA:323,1
DA:324,1
DA:325,1
DA:326,1
DA:327,1
DA:328,1
DA:331,1
DA:332,1
DA:333,1
DA:334,1
DA:335,1
DA:336,1
DA:337,1
DA:338,1
DA:339,1
DA:340,1
DA:341,1
DA:342,1
DA:343,1
DA:344,1
DA:345,19
DA:347,19
DA:348,19
DA:349,19
DA:350,19
DA:351,19
DA:352,19
DA:353,19
DA:354,19
DA:355,19
DA:356,19
DA:357,19
DA:358,19
DA:359,19
DA:360,19
DA:361,19
DA:362,19
DA:363,19
DA:364,19
DA:365,1
DA:366,1
DA:367,1
DA:368,1
DA:369,1
DA:371,0
DA:372,0
DA:373,0
DA:374,0
DA:375,0
DA:376,0
DA:377,0
DA:378,0
DA:379,0
DA:380,0
DA:381,0
DA:382,0
DA:383,0
DA:384,0
DA:385,0
DA:386,0
DA:387,0
DA:388,0
DA:390,0
DA:391,0
DA:392,0
DA:393,0
DA:394,0
DA:395,0
DA:396,0
DA:397,0
DA:398,0
DA:399,1
DA:400,19
DA:401,19
DA:403,19
DA:404,19
DA:405,19
DA:406,19
DA:407,19
DA:408,19
DA:409,19
DA:410,19
DA:411,19
DA:412,19
DA:413,19
DA:414,19
DA:415,19
DA:416,19
DA:417,19
DA:418,19
DA:419,19
DA:420,19
DA:421,0
DA:422,0
DA:423,0
DA:424,0
DA:425,0
DA:426,0
DA:428,0
DA:429,0
DA:430,0
DA:431,0
DA:432,0
DA:433,0
DA:434,19
DA:435,19
DA:436,19
LF:369
LH:259
BRDA:30,0,0,4
BRDA:33,1,0,2
BRDA:37,2,0,0
BRDA:35,3,0,2
BRDA:43,4,0,1
BRDA:48,5,0,3
BRDA:58,6,0,0
BRDA:62,7,0,19
BRDA:76,8,0,1
BRDA:90,9,0,0
BRDA:136,10,0,2
BRDA:149,11,0,1
BRDA:150,12,0,1
BRDA:151,13,0,1
BRDA:154,14,0,0
BRDA:157,15,0,1
BRDA:158,16,0,1
BRDA:160,17,0,0
BRDA:161,18,0,0
BRDA:162,19,0,1
BRDA:163,20,0,1
BRDA:164,21,0,1
BRDA:165,22,0,1
BRDA:166,23,0,1
BRDA:168,24,0,1
BRDA:253,25,0,1
BRDA:269,26,0,0
BRDA:294,27,0,1
BRDA:321,28,0,1
BRDA:337,29,0,0
BRDA:338,30,0,0
BRDA:364,31,0,1
BRDA:369,32,0,0
BRF:33
BRH:23
end_of_record
TN:
SF:src\routes\property-managers.ts
FN:24,parseOr400
FN:37,InUseError
FN:42,loadPropertyManager
FN:56,propertyManagerRoutes
FN:70,handler
FN:118,handler
FN:141,handler
FN:183,handler
FN:235,handler
FNF:9
FNH:7
FNDA:2,parseOr400
FNDA:2,InUseError
FNDA:2,loadPropertyManager
FNDA:19,propertyManagerRoutes
FNDA:2,handler
FNDA:0,handler
FNDA:2,handler
FNDA:0,handler
FNDA:2,handler
DA:1,1
DA:21,1
DA:24,2
DA:25,2
DA:26,2
DA:27,2
DA:28,0
DA:29,0
DA:30,0
DA:31,0
DA:32,0
DA:33,0
DA:34,2
DA:36,1
DA:37,1
DA:38,2
DA:39,2
DA:40,1
DA:42,2
DA:43,2
DA:44,2
DA:45,2
DA:46,2
DA:47,2
DA:48,2
DA:50,2
DA:51,2
DA:52,2
DA:53,2
DA:54,2
DA:56,19
DA:58,19
DA:59,19
DA:60,19
DA:61,19
DA:62,19
DA:63,19
DA:64,19
DA:65,19
DA:66,19
DA:67,19
DA:68,19
DA:69,19
DA:70,19
DA:71,2
DA:72,2
DA:73,2
DA:74,2
DA:75,2
DA:76,1
DA:80,1
DA:81,1
DA:90,1
DA:91,1
DA:92,1
DA:93,1
DA:94,1
DA:98,1
DA:99,1
DA:100,1
DA:101,2
DA:102,2
DA:103,19
DA:106,19
DA:107,19
DA:108,19
DA:109,19
DA:110,19
DA:111,19
DA:112,19
DA:113,19
DA:114,19
DA:115,19
DA:116,19
DA:117,19
DA:118,19
DA:119,0
DA:120,0
DA:121,0
DA:122,0
DA:123,0
DA:125,0
DA:126,0
DA:127,0
DA:128,0
DA:129,0
DA:130,0
DA:131,19
DA:134,19
DA:135,19
DA:136,19
DA:137,19
DA:138,19
DA:139,19
DA:140,19
DA:141,19
DA:142,2
DA:143,2
DA:144,2
DA:145,2
DA:146,2
DA:149,2
DA:150,2
DA:151,2
DA:152,2
DA:153,2
DA:154,2
DA:155,2
DA:156,2
DA:157,2
DA:158,2
DA:159,2
DA:160,2
DA:161,2
DA:162,2
DA:163,2
DA:164,2
DA:165,2
DA:166,2
DA:167,2
DA:168,19
DA:171,19
DA:172,19
DA:173,19
DA:174,19
DA:175,19
DA:176,19
DA:177,19
DA:178,19
DA:179,19
DA:180,19
DA:181,19
DA:182,19
DA:183,19
DA:184,0
DA:185,0
DA:186,0
DA:187,0
DA:188,0
DA:189,0
DA:190,0
DA:191,0
DA:192,0
DA:193,0
DA:194,0
DA:195,0
DA:196,0
DA:197,0
DA:198,0
DA:199,0
DA:200,0
DA:201,0
DA:202,0
DA:203,0
DA:204,0
DA:205,0
DA:206,0
DA:207,0
DA:209,0
DA:210,0
DA:211,0
DA:212,0
DA:213,0
DA:214,0
DA:215,0
DA:216,0
DA:217,0
DA:218,0
DA:219,0
DA:220,19
DA:223,19
DA:224,19
DA:225,19
DA:226,19
DA:227,19
DA:228,19
DA:229,19
DA:230,19
DA:231,19
DA:232,19
DA:233,19
DA:234,19
DA:235,19
DA:236,2
DA:237,2
DA:238,2
DA:239,2
DA:241,2
DA:242,2
DA:249,2
DA:250,2
DA:251,2
DA:253,0
DA:254,0
DA:256,0
DA:257,0
DA:258,0
DA:259,0
DA:260,2
DA:261,19
DA:262,19
LF:201
LH:143
BRDA:24,0,0,2
BRDA:27,1,0,0
BRDA:37,2,0,2
BRDA:42,3,0,2
BRDA:52,4,0,0
BRDA:56,5,0,19
BRDA:70,6,0,2
BRDA:72,7,0,1
BRDA:75,8,0,1
BRDA:141,9,0,2
BRDA:153,10,0,1
BRDA:154,11,0,1
BRDA:155,12,0,1
BRDA:235,13,0,2
BRDA:251,14,0,0
BRF:15
BRH:12
end_of_record
TN:
SF:src\routes\property-services.ts
FN:24,parseOr400
FN:36,validateFreq
FN:55,InUseError
FN:60,assertPropertyInTenant
FN:73,assertServiceTypeInTenant
FN:86,propertyServiceRoutes
FN:98,handler
FN:129,handler
FN:151,handler
FN:204,handler
FN:282,handler
FNF:11
FNH:8
FNDA:7,parseOr400
FNDA:7,validateFreq
FNDA:0,InUseError
FNDA:5,assertPropertyInTenant
FNDA:5,assertServiceTypeInTenant
FNDA:19,propertyServiceRoutes
FNDA:1,handler
FNDA:0,handler
FNDA:6,handler
FNDA:1,handler
FNDA:0,handler
DA:1,1
DA:20,1
DA:24,7
DA:25,7
DA:26,7
DA:27,7
DA:28,0
DA:29,0
DA:30,0
DA:31,0
DA:32,0
DA:33,0
DA:34,7
DA:36,7
DA:37,7
DA:38,7
DA:39,7
DA:40,1
DA:41,1
DA:42,1
DA:43,1
DA:44,1
DA:45,1
DA:46,1
DA:47,1
DA:48,1
DA:49,1
DA:50,0
DA:51,0
DA:52,7
DA:54,1
DA:55,1
DA:56,0
DA:57,0
DA:58,1
DA:60,5
DA:61,5
DA:62,5
DA:63,5
DA:64,5
DA:65,5
DA:66,5
DA:68,5
DA:69,5
DA:70,5
DA:71,5
DA:73,5
DA:74,5
DA:75,5
DA:76,5
DA:77,5
DA:78,5
DA:79,5
DA:81,5
DA:82,5
DA:83,5
DA:84,5
DA:86,19
DA:87,19
DA:88,19
DA:89,19
DA:90,19
DA:91,19
DA:92,19
DA:93,19
DA:94,19
DA:95,19
DA:96,19
DA:97,19
DA:98,19
DA:99,1
DA:100,1
DA:101,1
DA:102,1
DA:103,1
DA:104,1
DA:105,1
DA:106,1
DA:107,1
DA:108,1
DA:109,1
DA:111,1
DA:112,1
DA:113,1
DA:114,1
DA:115,19
DA:117,19
DA:118,19
DA:119,19
DA:120,19
DA:121,19
DA:122,19
DA:123,19
DA:124,19
DA:125,19
DA:126,19
DA:127,19
DA:128,19
DA:129,19
DA:130,0
DA:131,0
DA:132,0
DA:133,0
DA:134,0
DA:136,0
DA:137,0
DA:138,0
DA:139,0
DA:140,0
DA:141,0
DA:142,19
DA:144,19
DA:145,19
DA:146,19
DA:147,19
DA:148,19
DA:149,19
DA:150,19
DA:151,19
DA:152,6
DA:153,6
DA:154,6
DA:156,6
DA:157,6
DA:158,5
DA:160,5
DA:161,5
DA:166,5
DA:167,5
DA:168,5
DA:169,5
DA:170,5
DA:171,5
DA:172,5
DA:173,5
DA:174,5
DA:175,6
DA:176,6
DA:177,6
DA:178,6
DA:179,6
DA:180,6
DA:181,6
DA:182,6
DA:183,5
DA:184,5
DA:185,5
DA:186,5
DA:187,5
DA:188,5
DA:189,6
DA:190,19
DA:192,19
DA:193,19
DA:194,19
DA:195,19
DA:196,19
DA:197,19
DA:198,19
DA:199,19
DA:200,19
DA:201,19
DA:202,19
DA:203,19
DA:204,19
DA:205,1
DA:206,1
DA:207,1
DA:208,1
DA:212,1
DA:213,1
DA:214,1
DA:216,1
DA:217,1
DA:218,1
DA:219,1
DA:220,1
DA:221,1
DA:222,1
DA:223,1
DA:225,1
DA:226,1
DA:227,1
DA:228,1
DA:229,1
DA:230,1
DA:231,1
DA:232,1
DA:233,1
DA:234,1
DA:235,1
DA:236,1
DA:237,1
DA:238,1
DA:239,1
DA:240,1
DA:241,1
DA:242,1
DA:243,2
DA:244,2
DA:245,1
DA:246,1
DA:247,1
DA:248,1
DA:249,1
DA:250,1
DA:251,2
DA:252,2
DA:253,1
DA:254,1
DA:255,1
DA:256,1
DA:258,1
DA:259,1
DA:260,1
DA:261,1
DA:262,1
DA:263,1
DA:264,1
DA:265,1
DA:266,1
DA:267,1
DA:268,19
DA:270,19
DA:271,19
DA:272,19
DA:273,19
DA:274,19
DA:275,19
DA:276,19
DA:277,19
DA:278,19
DA:279,19
DA:280,19
DA:281,19
DA:282,19
DA:283,0
DA:284,0
DA:285,0
DA:287,0
DA:288,0
DA:290,0
DA:291,0
DA:292,0
DA:294,0
DA:295,0
DA:299,0
DA:300,0
DA:301,0
DA:303,0
DA:304,0
DA:306,0
DA:307,0
DA:308,0
DA:309,0
DA:310,0
DA:311,19
DA:312,19
LF:258
LH:217
BRDA:24,0,0,7
BRDA:27,1,0,0
BRDA:36,2,0,7
BRDA:39,3,0,1
BRDA:49,4,0,0
BRDA:41,5,0,1
BRDA:60,6,0,5
BRDA:70,7,0,0
BRDA:73,8,0,5
BRDA:83,9,0,0
BRDA:86,10,0,19
BRDA:98,11,0,1
BRDA:151,12,0,6
BRDA:157,13,0,5
BRDA:175,14,0,5
BRDA:176,15,0,4
BRDA:177,16,0,5
BRDA:178,17,0,4
BRDA:179,18,0,4
BRDA:182,19,0,5
BRDA:204,20,0,1
BRDA:212,21,0,0
BRDA:218,22,0,0
BRDA:219,23,0,0
BRDA:242,24,0,2
BRDA:244,25,0,1
BRDA:265,26,0,0
BRF:27
BRH:19
end_of_record
TN:
SF:src\routes\qualification-types.ts
FN:22,parseOr400
FN:35,InUseError
FN:41,DuplicateCodeError
FN:46,mapPgError
FN:52,qualificationTypeRoutes
FN:61,handler
FN:87,handler
FN:110,handler
FN:152,handler
FN:208,handler
FNF:10
FNH:8
FNDA:2,parseOr400
FNDA:2,InUseError
FNDA:1,DuplicateCodeError
FNDA:1,mapPgError
FNDA:19,qualificationTypeRoutes
FNDA:1,handler
FNDA:0,handler
FNDA:2,handler
FNDA:0,handler
FNDA:3,handler
DA:1,1
DA:19,1
DA:22,2
DA:23,2
DA:24,2
DA:25,2
DA:26,0
DA:27,0
DA:28,0
DA:29,0
DA:30,0
DA:31,0
DA:32,2
DA:34,1
DA:35,1
DA:36,2
DA:37,2
DA:38,1
DA:40,1
DA:41,1
DA:42,1
DA:43,1
DA:44,1
DA:46,1
DA:47,1
DA:48,1
DA:49,0
DA:50,0
DA:52,19
DA:54,19
DA:55,19
DA:56,19
DA:57,19
DA:58,19
DA:59,19
DA:60,19
DA:61,19
DA:62,1
DA:63,1
DA:64,1
DA:65,1
DA:68,1
DA:69,1
DA:70,1
DA:71,1
DA:72,19
DA:75,19
DA:76,19
DA:77,19
DA:78,19
DA:79,19
DA:80,19
DA:81,19
DA:82,19
DA:83,19
DA:84,19
DA:85,19
DA:86,19
DA:87,19
DA:88,0
DA:89,0
DA:90,0
DA:91,0
DA:92,0
DA:94,0
DA:95,0
DA:96,0
DA:97,0
DA:98,0
DA:99,0
DA:100,19
DA:103,19
DA:104,19
DA:105,19
DA:106,19
DA:107,19
DA:108,19
DA:109,19
DA:110,19
DA:111,2
DA:112,2
DA:113,2
DA:114,2
DA:115,2
DA:116,2
DA:118,2
DA:119,2
DA:120,2
DA:121,2
DA:122,2
DA:123,2
DA:124,2
DA:125,2
DA:126,2
DA:127,1
DA:128,1
DA:129,1
DA:130,1
DA:131,1
DA:132,1
DA:133,1
DA:134,1
DA:135,1
DA:136,2
DA:137,19
DA:140,19
DA:141,19
DA:142,19
DA:143,19
DA:144,19
DA:145,19
DA:146,19
DA:147,19
DA:148,19
DA:149,19
DA:150,19
DA:151,19
DA:152,19
DA:153,0
DA:154,0
DA:155,0
DA:157,0
DA:158,0
DA:159,0
DA:160,0
DA:161,0
DA:162,0
DA:163,0
DA:164,0
DA:165,0
DA:166,0
DA:167,0
DA:168,0
DA:169,0
DA:170,0
DA:171,0
DA:172,0
DA:173,0
DA:174,0
DA:176,0
DA:177,0
DA:178,0
DA:179,0
DA:180,0
DA:181,0
DA:182,0
DA:183,0
DA:184,0
DA:185,0
DA:186,0
DA:187,0
DA:188,0
DA:189,0
DA:190,0
DA:191,0
DA:192,19
DA:195,19
DA:196,19
DA:197,19
DA:198,19
DA:199,19
DA:200,19
DA:201,19
DA:202,19
DA:203,19
DA:204,19
DA:205,19
DA:206,19
DA:207,19
DA:208,19
DA:209,3
DA:210,3
DA:211,3
DA:213,3
DA:214,3
DA:216,3
DA:217,3
DA:218,3
DA:219,3
DA:222,3
DA:223,3
DA:230,3
DA:231,3
DA:232,3
DA:234,1
DA:235,1
DA:237,1
DA:238,1
DA:239,1
DA:240,1
DA:241,1
DA:242,1
DA:243,1
DA:244,1
DA:245,3
DA:246,19
DA:247,19
LF:197
LH:141
BRDA:22,0,0,2
BRDA:25,1,0,0
BRDA:35,2,0,2
BRDA:41,3,0,1
BRDA:46,4,0,1
BRDA:48,5,0,0
BRDA:52,6,0,19
BRDA:61,7,0,1
BRDA:110,8,0,2
BRDA:124,9,0,1
BRDA:126,10,0,1
BRDA:208,11,0,3
BRDA:219,12,0,0
BRDA:232,13,0,2
BRDA:232,14,0,1
BRF:15
BRH:12
end_of_record
TN:
SF:src\routes\schedule-entries.ts
FN:34,parseOr400
FN:47,TimeConflictError
FN:55,ScheduleLockedError
FN:71,assertScheduleWritable
FN:86,assertFksInTenant
FN:118,findTimeConflict
FN:154,insertEntry
FN:188,scheduleEntryRoutes
FN:207,handler
FN:259,handler
FN:282,handler
FN:318,handler
FN:377,handler
FN:482,handler
FN:575,handler
FNF:15
FNH:12
FNDA:17,parseOr400
FNDA:3,TimeConflictError
FNDA:1,ScheduleLockedError
FNDA:17,assertScheduleWritable
FNDA:19,assertFksInTenant
FNDA:19,findTimeConflict
FNDA:15,insertEntry
FNDA:19,scheduleEntryRoutes
FNDA:2,handler
FNDA:0,handler
FNDA:13,handler
FNDA:2,handler
FNDA:0,handler
FNDA:2,handler
FNDA:0,handler
DA:1,1
DA:29,1
DA:34,17
DA:35,17
DA:36,17
DA:37,17
DA:38,0
DA:39,0
DA:40,0
DA:41,0
DA:42,0
DA:43,0
DA:44,17
DA:46,1
DA:47,1
DA:48,3
DA:49,3
DA:50,3
DA:51,3
DA:52,1
DA:54,1
DA:55,1
DA:56,1
DA:57,1
DA:58,1
DA:71,17
DA:72,17
DA:73,17
DA:74,17
DA:75,17
DA:76,17
DA:77,17
DA:79,17
DA:80,17
DA:81,17
DA:82,17
DA:83,17
DA:86,19
DA:87,19
DA:88,19
DA:89,19
DA:90,19
DA:91,19
DA:92,19
DA:93,19
DA:94,19
DA:95,19
DA:96,19
DA:97,0
DA:98,0
DA:99,0
DA:100,0
DA:101,0
DA:102,0
DA:103,19
DA:104,57
DA:105,57
DA:107,57
DA:108,57
DA:109,57
DA:110,57
DA:111,19
DA:118,19
DA:119,19
DA:120,19
DA:121,19
DA:122,19
DA:123,19
DA:124,19
DA:125,19
DA:126,19
DA:127,19
DA:128,19
DA:129,19
DA:130,19
DA:131,2
DA:132,2
DA:133,2
DA:134,19
DA:135,19
DA:138,19
DA:149,19
DA:150,19
DA:151,19
DA:152,19
DA:154,15
DA:155,15
DA:156,15
DA:157,15
DA:158,15
DA:159,15
DA:160,15
DA:161,15
DA:166,15
DA:167,15
DA:168,15
DA:169,15
DA:170,15
DA:171,15
DA:172,15
DA:173,15
DA:174,15
DA:175,15
DA:176,15
DA:177,15
DA:178,15
DA:179,15
DA:180,15
DA:181,15
DA:182,15
DA:183,15
DA:184,15
DA:185,15
DA:186,15
DA:188,19
DA:190,19
DA:192,19
DA:193,19
DA:194,19
DA:195,19
DA:196,19
DA:197,19
DA:198,19
DA:199,19
DA:200,19
DA:201,19
DA:202,19
DA:203,19
DA:204,19
DA:205,19
DA:206,19
DA:207,19
DA:208,2
DA:209,2
DA:210,2
DA:211,2
DA:212,2
DA:213,2
DA:214,0
DA:215,0
DA:216,0
DA:217,2
DA:218,0
DA:219,0
DA:220,0
DA:221,2
DA:222,0
DA:223,0
DA:224,0
DA:226,2
DA:227,2
DA:228,2
DA:229,2
DA:230,1
DA:231,2
DA:232,1
DA:233,1
DA:234,1
DA:236,1
DA:237,2
DA:238,2
DA:240,2
DA:241,2
DA:242,2
DA:243,2
DA:244,19
DA:247,19
DA:248,19
DA:249,19
DA:250,19
DA:251,19
DA:252,19
DA:253,19
DA:254,19
DA:255,19
DA:256,19
DA:257,19
DA:258,19
DA:259,19
DA:260,0
DA:261,0
DA:262,0
DA:263,0
DA:264,0
DA:266,0
DA:267,0
DA:268,0
DA:269,0
DA:270,0
DA:271,0
DA:272,19
DA:275,19
DA:276,19
DA:277,19
DA:278,19
DA:279,19
DA:280,19
DA:281,19
DA:282,19
DA:283,13
DA:284,13
DA:285,13
DA:287,13
DA:288,12
DA:290,12
DA:291,12
DA:292,12
DA:293,12
DA:294,12
DA:295,12
DA:296,12
DA:297,12
DA:298,13
DA:300,11
DA:301,11
DA:302,11
DA:303,11
DA:304,11
DA:305,11
DA:306,11
DA:307,13
DA:308,19
DA:311,19
DA:312,19
DA:313,19
DA:314,19
DA:315,19
DA:316,19
DA:317,19
DA:318,19
DA:319,2
DA:320,2
DA:321,2
DA:323,2
DA:324,2
DA:325,2
DA:328,2
DA:329,2
DA:330,2
DA:331,2
DA:333,2
DA:334,2
DA:335,5
DA:336,5
DA:337,5
DA:338,5
DA:339,5
DA:340,5
DA:341,5
DA:342,5
DA:343,5
DA:344,5
DA:345,4
DA:346,4
DA:347,4
DA:348,1
DA:349,1
DA:350,1
DA:351,1
DA:352,1
DA:353,1
DA:354,1
DA:355,1
DA:356,1
DA:357,1
DA:358,2
DA:359,2
DA:360,2
DA:361,2
DA:362,19
DA:365,19
DA:366,19
DA:367,19
DA:368,19
DA:369,19
DA:370,19
DA:371,19
DA:372,19
DA:373,19
DA:374,19
DA:375,19
DA:376,19
DA:377,19
DA:378,0
DA:379,0
DA:380,0
DA:381,0
DA:383,0
DA:384,0
DA:386,0
DA:387,0
DA:388,0
DA:389,0
DA:391,0
DA:394,0
DA:395,0
DA:396,0
DA:397,0
DA:398,0
DA:399,0
DA:400,0
DA:401,0
DA:402,0
DA:403,0
DA:404,0
DA:405,0
DA:406,0
DA:409,0
DA:410,0
DA:411,0
DA:412,0
DA:413,0
DA:414,0
DA:415,0
DA:416,0
DA:417,0
DA:418,0
DA:419,0
DA:420,0
DA:421,0
DA:422,0
DA:423,0
DA:424,0
DA:425,0
DA:426,0
DA:427,0
DA:428,0
DA:429,0
DA:431,0
DA:432,0
DA:433,0
DA:434,0
DA:435,0
DA:436,0
DA:437,0
DA:438,0
DA:439,0
DA:440,0
DA:441,0
DA:442,0
DA:443,0
DA:444,0
DA:445,0
DA:446,0
DA:447,0
DA:448,0
DA:449,0
DA:450,0
DA:451,0
DA:452,0
DA:453,0
DA:454,0
DA:455,0
DA:456,0
DA:457,0
DA:459,0
DA:460,0
DA:461,0
DA:462,0
DA:463,0
DA:464,0
DA:465,0
DA:466,0
DA:467,19
DA:470,19
DA:471,19
DA:472,19
DA:473,19
DA:474,19
DA:475,19
DA:476,19
DA:477,19
DA:478,19
DA:479,19
DA:480,19
DA:481,19
DA:482,19
DA:483,2
DA:484,2
DA:485,2
DA:486,2
DA:488,2
DA:489,2
DA:491,2
DA:492,2
DA:493,2
DA:494,2
DA:496,2
DA:498,2
DA:499,2
DA:500,2
DA:501,2
DA:502,2
DA:503,2
DA:504,2
DA:505,2
DA:506,2
DA:507,2
DA:508,2
DA:509,2
DA:510,2
DA:512,2
DA:513,2
DA:514,2
DA:516,2
DA:517,2
DA:518,2
DA:519,2
DA:520,2
DA:521,2
DA:522,2
DA:523,2
DA:524,2
DA:525,2
DA:528,1
DA:530,2
DA:531,2
DA:541,2
DA:542,2
DA:543,2
DA:544,2
DA:545,2
DA:546,2
DA:547,2
DA:548,2
DA:549,2
DA:550,2
DA:551,2
DA:552,2
DA:553,2
DA:554,1
DA:555,1
DA:556,1
DA:557,1
DA:558,1
DA:559,2
DA:560,19
DA:563,19
DA:564,19
DA:565,19
DA:566,19
DA:567,19
DA:568,19
DA:569,19
DA:570,19
DA:571,19
DA:572,19
DA:573,19
DA:574,19
DA:575,19
DA:576,0
DA:577,0
DA:578,0
DA:580,0
DA:581,0
DA:583,0
DA:584,0
DA:585,0
DA:587,0
DA:589,0
DA:590,0
DA:592,0
DA:593,0
DA:594,0
DA:595,0
DA:596,0
DA:597,19
DA:598,19
LF:468
LH:340
BRDA:34,0,0,17
BRDA:37,1,0,0
BRDA:47,2,0,3
BRDA:55,3,0,1
BRDA:71,4,0,17
BRDA:81,5,0,0
BRDA:82,6,0,1
BRDA:86,7,0,19
BRDA:96,8,0,0
BRDA:103,9,0,57
BRDA:109,10,0,0
BRDA:118,11,0,19
BRDA:127,12,0,0
BRDA:130,13,0,2
BRDA:151,14,0,3
BRDA:151,15,0,16
BRDA:154,16,0,15
BRDA:176,17,0,0
BRDA:188,18,0,19
BRDA:207,19,0,2
BRDA:213,20,0,0
BRDA:217,21,0,0
BRDA:221,22,0,0
BRDA:229,23,0,1
BRDA:231,24,0,1
BRDA:282,25,0,13
BRDA:287,26,0,12
BRDA:298,27,0,1
BRDA:298,28,0,11
BRDA:318,29,0,2
BRDA:334,30,0,5
BRDA:344,31,0,1
BRDA:344,32,0,4
BRDA:347,33,0,1
BRDA:358,34,0,0
BRDA:328,35,0,5
BRDA:482,36,0,2
BRDA:494,37,0,0
BRDA:512,38,0,0
BRDA:514,39,0,1
BRDA:514,40,0,1
BRDA:525,41,0,1
BRDA:545,42,0,1
BRDA:553,43,0,1
BRF:44
BRH:32
end_of_record
TN:
SF:src\routes\schedules.ts
FN:25,parseOr400
FN:38,InUseError
FN:44,DuplicateWeekError
FN:50,InvalidStatusTransitionError
FN:61,scheduleRoutes
FN:80,handler
FN:118,handler
FN:141,handler
FN:188,handler
FN:246,handler
FN:288,handler
FNF:11
FNH:8
FNDA:3,parseOr400
FNDA:0,InUseError
FNDA:1,DuplicateWeekError
FNDA:2,InvalidStatusTransitionError
FNDA:19,scheduleRoutes
FNDA:1,handler
FNDA:0,handler
FNDA:2,handler
FNDA:1,handler
FNDA:2,handler
FNDA:0,handler
DA:1,1
DA:22,1
DA:25,3
DA:26,3
DA:27,3
DA:28,3
DA:29,0
DA:30,0
DA:31,0
DA:32,0
DA:33,0
DA:34,0
DA:35,3
DA:37,1
DA:38,1
DA:39,0
DA:40,0
DA:41,1
DA:43,1
DA:44,1
DA:45,1
DA:46,1
DA:47,1
DA:49,1
DA:50,1
DA:51,2
DA:52,2
DA:53,2
DA:54,2
DA:55,2
DA:56,2
DA:57,2
DA:58,2
DA:59,1
DA:61,19
DA:63,19
DA:64,19
DA:65,19
DA:66,19
DA:67,19
DA:68,19
DA:69,19
DA:70,19
DA:71,19
DA:72,19
DA:73,19
DA:74,19
DA:75,19
DA:76,19
DA:77,19
DA:78,19
DA:79,19
DA:80,19
DA:81,1
DA:82,1
DA:83,1
DA:84,1
DA:85,1
DA:86,0
DA:87,0
DA:88,0
DA:89,1
DA:90,1
DA:91,1
DA:92,1
DA:93,1
DA:94,0
DA:95,0
DA:96,0
DA:97,1
DA:98,1
DA:99,1
DA:100,1
DA:101,1
DA:102,1
DA:103,19
DA:104,19
DA:106,19
DA:107,19
DA:108,19
DA:109,19
DA:110,19
DA:111,19
DA:112,19
DA:113,19
DA:114,19
DA:115,19
DA:116,19
DA:117,19
DA:118,19
DA:119,0
DA:120,0
DA:121,0
DA:122,0
DA:123,0
DA:125,0
DA:126,0
DA:127,0
DA:128,0
DA:129,0
DA:130,0
DA:131,19
DA:134,19
DA:135,19
DA:136,19
DA:137,19
DA:138,19
DA:139,19
DA:140,19
DA:141,19
DA:142,2
DA:143,2
DA:144,2
DA:145,2
DA:146,2
DA:147,2
DA:151,2
DA:152,2
DA:153,2
DA:154,2
DA:155,2
DA:156,2
DA:157,2
DA:158,2
DA:159,2
DA:160,2
DA:161,2
DA:162,2
DA:163,1
DA:164,1
DA:165,1
DA:166,1
DA:167,1
DA:168,1
DA:169,1
DA:170,0
DA:171,0
DA:172,2
DA:173,19
DA:176,19
DA:177,19
DA:178,19
DA:179,19
DA:180,19
DA:181,19
DA:182,19
DA:183,19
DA:184,19
DA:185,19
DA:186,19
DA:187,19
DA:188,19
DA:189,1
DA:190,1
DA:191,1
DA:192,1
DA:195,1
DA:196,1
DA:198,1
DA:199,1
DA:200,1
DA:202,1
DA:203,1
DA:204,1
DA:205,1
DA:206,1
DA:207,1
DA:209,0
DA:210,0
DA:211,0
DA:212,0
DA:213,0
DA:214,0
DA:215,0
DA:216,0
DA:217,0
DA:218,0
DA:219,0
DA:220,0
DA:221,0
DA:223,0
DA:224,0
DA:225,0
DA:226,0
DA:227,0
DA:228,0
DA:229,0
DA:230,1
DA:231,19
DA:234,19
DA:235,19
DA:236,19
DA:237,19
DA:238,19
DA:239,19
DA:240,19
DA:241,19
DA:242,19
DA:243,19
DA:244,19
DA:245,19
DA:246,19
DA:247,2
DA:248,2
DA:249,2
DA:251,2
DA:252,2
DA:254,2
DA:255,2
DA:256,2
DA:257,2
DA:260,2
DA:261,1
DA:262,1
DA:264,1
DA:265,1
DA:268,1
DA:269,1
DA:270,1
DA:271,1
DA:272,1
DA:273,2
DA:274,19
DA:276,19
DA:277,19
DA:278,19
DA:279,19
DA:280,19
DA:281,19
DA:282,19
DA:283,19
DA:284,19
DA:285,19
DA:286,19
DA:287,19
DA:288,19
DA:289,0
DA:290,0
DA:291,0
DA:293,0
DA:294,0
DA:296,0
DA:297,0
DA:298,0
DA:300,0
DA:301,0
DA:305,0
DA:306,0
DA:307,0
DA:309,0
DA:310,0
DA:311,0
DA:312,0
DA:313,0
DA:314,0
DA:315,19
DA:316,19
LF:257
LH:191
BRDA:25,0,0,3
BRDA:28,1,0,0
BRDA:44,2,0,1
BRDA:50,3,0,2
BRDA:61,4,0,19
BRDA:80,5,0,1
BRDA:85,6,0,0
BRDA:93,7,0,0
BRDA:141,8,0,2
BRDA:162,9,0,1
BRDA:169,10,0,0
BRDA:188,11,0,1
BRDA:200,12,0,0
BRDA:207,13,0,0
BRDA:246,14,0,2
BRDA:256,15,0,0
BRDA:260,16,0,1
BRF:17
BRH:10
end_of_record
TN:
SF:src\routes\scheduling-debug.ts
FN:32,schedulingDebugRoutes
FN:46,handler
FNF:2
FNH:2
FNDA:19,schedulingDebugRoutes
FNDA:1,handler
DA:1,1
DA:30,1
DA:32,19
DA:33,19
DA:34,19
DA:35,19
DA:36,19
DA:37,19
DA:38,19
DA:39,19
DA:40,19
DA:41,19
DA:42,19
DA:43,19
DA:44,19
DA:45,19
DA:46,19
DA:47,1
DA:48,1
DA:49,1
DA:50,0
DA:51,0
DA:52,0
DA:53,0
DA:54,1
DA:55,1
DA:57,1
DA:58,1
DA:59,1
DA:60,1
DA:61,1
DA:62,1
DA:63,1
DA:64,1
DA:65,1
DA:66,1
DA:67,1
DA:68,1
DA:69,1
DA:70,1
DA:71,19
DA:72,19
LF:42
LH:38
BRDA:32,0,0,19
BRDA:46,1,0,1
BRDA:49,2,0,0
BRF:3
BRH:2
end_of_record
TN:
SF:src\routes\service-types.ts
FN:24,parseOr400
FN:41,InUseError
FN:46,serviceTypeRoutes
FN:55,handler
FN:81,handler
FN:104,handler
FN:148,handler
FN:206,handler
FNF:8
FNH:7
FNDA:3,parseOr400
FNDA:1,InUseError
FNDA:19,serviceTypeRoutes
FNDA:1,handler
FNDA:0,handler
FNDA:2,handler
FNDA:1,handler
FNDA:2,handler
DA:1,1
DA:20,1
DA:24,3
DA:25,3
DA:26,3
DA:27,3
DA:28,1
DA:29,1
DA:30,1
DA:31,1
DA:32,1
DA:33,1
DA:34,1
DA:35,1
DA:36,0
DA:37,0
DA:38,3
DA:40,1
DA:41,1
DA:42,1
DA:43,1
DA:44,1
DA:46,19
DA:48,19
DA:49,19
DA:50,19
DA:51,19
DA:52,19
DA:53,19
DA:54,19
DA:55,19
DA:56,1
DA:57,1
DA:58,1
DA:59,1
DA:62,1
DA:63,1
DA:64,1
DA:65,1
DA:66,19
DA:69,19
DA:70,19
DA:71,19
DA:72,19
DA:73,19
DA:74,19
DA:75,19
DA:76,19
DA:77,19
DA:78,19
DA:79,19
DA:80,19
DA:81,19
DA:82,0
DA:83,0
DA:84,0
DA:85,0
DA:86,0
DA:88,0
DA:89,0
DA:90,0
DA:91,0
DA:92,0
DA:93,0
DA:94,19
DA:97,19
DA:98,19
DA:99,19
DA:100,19
DA:101,19
DA:102,19
DA:103,19
DA:104,19
DA:105,2
DA:106,2
DA:107,2
DA:108,2
DA:109,2
DA:113,2
DA:114,2
DA:115,2
DA:116,2
DA:117,2
DA:118,2
DA:119,2
DA:120,2
DA:121,2
DA:122,2
DA:123,2
DA:124,2
DA:125,2
DA:126,1
DA:127,1
DA:128,1
DA:129,1
DA:130,1
DA:131,1
DA:132,2
DA:133,19
DA:136,19
DA:137,19
DA:138,19
DA:139,19
DA:140,19
DA:141,19
DA:142,19
DA:143,19
DA:144,19
DA:145,19
DA:146,19
DA:147,19
DA:148,19
DA:149,1
DA:150,1
DA:151,1
DA:153,1
DA:154,1
DA:155,1
DA:156,1
DA:157,1
DA:158,1
DA:159,1
DA:160,1
DA:161,1
DA:162,1
DA:163,1
DA:164,1
DA:165,1
DA:166,1
DA:167,1
DA:168,1
DA:169,1
DA:170,1
DA:171,1
DA:172,1
DA:173,1
DA:174,1
DA:176,1
DA:177,1
DA:178,1
DA:179,1
DA:180,1
DA:181,1
DA:182,1
DA:183,1
DA:184,1
DA:185,1
DA:186,1
DA:187,1
DA:188,1
DA:189,1
DA:190,1
DA:191,19
DA:194,19
DA:195,19
DA:196,19
DA:197,19
DA:198,19
DA:199,19
DA:200,19
DA:201,19
DA:202,19
DA:203,19
DA:204,19
DA:205,19
DA:206,19
DA:207,2
DA:208,2
DA:209,2
DA:212,2
DA:213,2
DA:215,2
DA:216,2
DA:217,2
DA:220,2
DA:221,2
DA:228,2
DA:229,2
DA:230,2
DA:232,1
DA:233,1
DA:235,1
DA:236,1
DA:237,1
DA:238,1
DA:239,1
DA:240,1
DA:241,1
DA:242,1
DA:243,2
DA:244,19
DA:245,19
LF:192
LH:179
BRDA:24,0,0,3
BRDA:27,1,0,1
BRDA:32,2,0,0
BRDA:33,3,0,0
BRDA:35,4,0,0
BRDA:29,5,0,1
BRDA:30,6,0,1
BRDA:41,7,0,1
BRDA:46,8,0,19
BRDA:55,9,0,1
BRDA:104,10,0,2
BRDA:120,11,0,1
BRDA:122,12,0,1
BRDA:123,13,0,1
BRDA:125,14,0,1
BRDA:148,15,0,1
BRDA:184,16,0,0
BRDA:206,17,0,2
BRDA:217,18,0,0
BRDA:230,19,0,1
BRF:20
BRH:15
end_of_record
TN:
SF:src\routes\tenants.ts
FN:16,tenantRoutes
FN:25,handler
FN:52,handler
FN:83,handler
FNF:4
FNH:4
FNDA:19,tenantRoutes
FNDA:2,handler
FNDA:3,handler
FNDA:2,handler
DA:1,1
DA:16,19
DA:18,19
DA:19,19
DA:20,19
DA:21,19
DA:22,19
DA:23,19
DA:24,19
DA:25,19
DA:26,2
DA:27,2
DA:28,2
DA:29,2
DA:30,2
DA:31,2
DA:32,2
DA:33,2
DA:34,2
DA:35,2
DA:36,2
DA:37,19
DA:40,19
DA:41,19
DA:42,19
DA:43,19
DA:44,19
DA:45,19
DA:46,19
DA:47,19
DA:48,19
DA:49,19
DA:50,19
DA:51,19
DA:52,19
DA:53,3
DA:54,3
DA:55,3
DA:56,2
DA:57,2
DA:58,1
DA:59,1
DA:60,1
DA:62,1
DA:63,1
DA:64,1
DA:65,2
DA:66,1
DA:67,3
DA:68,19
DA:71,19
DA:72,19
DA:73,19
DA:74,19
DA:75,19
DA:76,19
DA:77,19
DA:78,19
DA:79,19
DA:80,19
DA:81,19
DA:82,19
DA:83,19
DA:84,2
DA:85,2
DA:86,2
DA:87,1
DA:88,1
DA:90,1
DA:91,1
DA:92,1
DA:93,2
DA:94,0
DA:95,0
DA:96,0
DA:97,0
DA:98,0
DA:99,0
DA:101,1
DA:102,1
DA:103,1
DA:104,1
DA:105,1
DA:106,1
DA:107,1
DA:108,2
DA:109,0
DA:110,0
DA:111,0
DA:112,1
DA:113,1
DA:114,1
DA:115,1
DA:116,2
DA:117,0
DA:118,0
DA:119,0
DA:120,1
DA:121,1
DA:123,1
DA:124,1
DA:125,1
DA:126,1
DA:128,1
DA:129,1
DA:130,1
DA:131,2
DA:133,1
DA:134,1
DA:135,1
DA:136,1
DA:137,1
DA:138,2
DA:139,19
DA:140,19
LF:115
LH:103
BRDA:16,0,0,19
BRDA:25,1,0,2
BRDA:28,2,0,1
BRDA:28,3,0,1
BRDA:29,4,0,1
BRDA:29,5,0,1
BRDA:52,6,0,3
BRDA:55,7,0,2
BRDA:55,8,0,2
BRDA:57,9,0,1
BRDA:65,10,0,0
BRDA:65,11,0,1
BRDA:83,12,0,2
BRDA:86,13,0,1
BRDA:93,14,0,0
BRDA:99,15,0,1
BRDA:108,16,0,0
BRDA:111,17,0,1
BRDA:116,18,0,0
BRDA:119,19,0,1
BRDA:131,20,0,0
BRDA:131,21,0,1
BRF:22
BRH:17
end_of_record
TN:
SF:src\routes\users.ts
FN:33,parseOr400
FN:52,SelfDeleteForbiddenError
FN:58,EmailExistsError
FN:63,userRoutes
FN:72,handler
FN:113,handler
FN:137,handler
FN:200,handler
FN:288,handler
FN:337,handler
FN:400,handler
FNF:11
FNH:10
FNDA:12,parseOr400
FNDA:1,SelfDeleteForbiddenError
FNDA:1,EmailExistsError
FNDA:19,userRoutes
FNDA:3,handler
FNDA:0,handler
FNDA:3,handler
FNDA:4,handler
FNDA:3,handler
FNDA:4,handler
FNDA:2,handler
DA:1,1
DA:30,1
DA:33,12
DA:34,12
DA:35,12
DA:36,12
DA:37,3
DA:38,3
DA:39,3
DA:40,3
DA:41,3
DA:42,3
DA:43,3
DA:44,3
DA:45,3
DA:46,3
DA:47,0
DA:48,0
DA:49,12
DA:51,1
DA:52,1
DA:53,1
DA:54,1
DA:55,1
DA:57,1
DA:58,1
DA:59,1
DA:60,1
DA:61,1
DA:63,19
DA:65,19
DA:66,19
DA:67,19
DA:68,19
DA:69,19
DA:70,19
DA:71,19
DA:72,19
DA:73,3
DA:74,3
DA:76,3
DA:77,3
DA:78,3
DA:79,0
DA:80,0
DA:81,0
DA:82,3
DA:83,2
DA:84,2
DA:87,2
DA:88,2
DA:89,3
DA:90,1
DA:91,1
DA:93,1
DA:94,1
DA:95,1
DA:96,3
DA:97,3
DA:98,19
DA:101,19
DA:102,19
DA:103,19
DA:104,19
DA:105,19
DA:106,19
DA:107,19
DA:108,19
DA:109,19
DA:110,19
DA:111,19
DA:112,19
DA:113,19
DA:114,0
DA:115,0
DA:116,0
DA:117,0
DA:118,0
DA:119,0
DA:120,0
DA:121,0
DA:122,0
DA:123,0
DA:124,0
DA:125,0
DA:126,0
DA:127,19
DA:130,19
DA:131,19
DA:132,19
DA:133,19
DA:134,19
DA:135,19
DA:136,19
DA:137,19
DA:138,3
DA:139,3
DA:143,3
DA:144,3
DA:145,2
DA:147,3
DA:148,3
DA:149,3
DA:150,3
DA:153,3
DA:154,3
DA:155,3
DA:156,1
DA:159,1
DA:160,1
DA:162,1
DA:163,1
DA:164,1
DA:165,1
DA:166,1
DA:167,1
DA:168,1
DA:170,1
DA:171,1
DA:172,1
DA:173,1
DA:174,1
DA:175,1
DA:176,1
DA:178,1
DA:179,1
DA:180,1
DA:181,1
DA:182,0
DA:183,0
DA:184,3
DA:185,19
DA:188,19
DA:189,19
DA:190,19
DA:191,19
DA:192,19
DA:193,19
DA:194,19
DA:195,19
DA:196,19
DA:197,19
DA:198,19
DA:199,19
DA:200,19
DA:201,4
DA:202,4
DA:203,4
DA:205,4
DA:206,4
DA:207,4
DA:208,4
DA:209,4
DA:210,4
DA:212,4
DA:213,4
DA:215,3
DA:218,4
DA:219,2
DA:220,1
DA:221,1
DA:222,2
DA:223,0
DA:224,0
DA:225,2
DA:227,2
DA:228,2
DA:229,2
DA:230,4
DA:231,0
DA:232,0
DA:233,0
DA:234,4
DA:235,1
DA:236,1
DA:237,1
DA:238,4
DA:239,1
DA:240,1
DA:241,1
DA:242,4
DA:243,1
DA:244,1
DA:245,1
DA:246,2
DA:247,2
DA:248,2
DA:249,2
DA:251,2
DA:252,2
DA:253,2
DA:254,2
DA:255,2
DA:256,2
DA:257,2
DA:258,2
DA:259,4
DA:260,2
DA:261,2
DA:262,2
DA:263,2
DA:264,2
DA:265,4
DA:266,0
DA:267,0
DA:268,0
DA:269,0
DA:270,0
DA:271,0
DA:272,4
DA:273,19
DA:276,19
DA:277,19
DA:278,19
DA:279,19
DA:280,19
DA:281,19
DA:282,19
DA:283,19
DA:284,19
DA:285,19
DA:286,19
DA:287,19
DA:288,19
DA:289,3
DA:290,3
DA:291,3
DA:293,2
DA:294,2
DA:295,2
DA:296,2
DA:297,2
DA:298,2
DA:299,3
DA:300,2
DA:301,3
DA:302,1
DA:303,1
DA:305,1
DA:306,1
DA:308,1
DA:309,1
DA:311,1
DA:312,1
DA:314,1
DA:315,1
DA:317,1
DA:318,1
DA:319,1
DA:320,3
DA:321,19
DA:324,19
DA:325,19
DA:326,19
DA:327,19
DA:328,19
DA:329,19
DA:330,19
DA:331,19
DA:332,19
DA:333,19
DA:334,19
DA:335,19
DA:336,19
DA:337,19
DA:338,4
DA:339,4
DA:340,4
DA:342,4
DA:347,4
DA:349,4
DA:350,4
DA:351,4
DA:352,4
DA:354,4
DA:355,4
DA:357,4
DA:361,4
DA:362,2
DA:363,0
DA:364,0
DA:365,2
DA:366,2
DA:367,2
DA:369,2
DA:370,4
DA:371,4
DA:372,4
DA:381,4
DA:382,4
DA:384,2
DA:385,2
DA:386,2
DA:387,2
DA:388,2
DA:389,4
DA:390,19
DA:393,19
DA:394,19
DA:395,19
DA:396,19
DA:397,19
DA:398,19
DA:399,19
DA:400,19
DA:401,2
DA:402,2
DA:403,2
DA:404,2
DA:405,2
DA:408,2
DA:409,2
DA:410,1
DA:411,2
DA:412,1
DA:413,1
DA:414,1
DA:415,1
DA:416,1
DA:417,2
DA:418,19
DA:419,19
LF:322
LH:289
BRDA:33,0,0,12
BRDA:36,1,0,3
BRDA:43,2,0,2
BRDA:43,3,0,1
BRDA:46,4,0,0
BRDA:38,5,0,7
BRDA:40,6,0,3
BRDA:40,7,0,2
BRDA:52,8,0,1
BRDA:58,9,0,1
BRDA:63,10,0,19
BRDA:72,11,0,3
BRDA:78,12,0,0
BRDA:82,13,0,2
BRDA:89,14,0,1
BRDA:137,15,0,3
BRDA:144,16,0,2
BRDA:155,17,0,1
BRDA:181,18,0,0
BRDA:200,19,0,4
BRDA:210,20,0,0
BRDA:213,21,0,1
BRDA:213,22,0,3
BRDA:218,23,0,2
BRDA:218,24,0,2
BRDA:219,25,0,1
BRDA:222,26,0,0
BRDA:230,27,0,0
BRDA:233,28,0,2
BRDA:234,29,0,1
BRDA:237,30,0,2
BRDA:238,31,0,1
BRDA:241,32,0,2
BRDA:242,33,0,1
BRDA:245,34,0,2
BRDA:259,35,0,0
BRDA:259,36,0,2
BRDA:265,37,0,0
BRDA:288,38,0,3
BRDA:291,39,0,1
BRDA:291,40,0,2
BRDA:299,41,0,0
BRDA:299,42,0,2
BRDA:301,43,0,1
BRDA:337,44,0,4
BRDA:352,45,0,0
BRDA:355,46,0,0
BRDA:361,47,0,2
BRDA:362,48,0,0
BRDA:366,49,0,1
BRDA:370,50,0,1
BRDA:382,51,0,2
BRDA:400,52,0,2
BRDA:409,53,0,1
BRDA:411,54,0,0
BRDA:411,55,0,1
BRF:56
BRH:43
end_of_record
TN:
SF:src\routes\waste-bin-types.ts
FN:22,parseOr400
FN:39,InUseError
FN:45,DuplicateCodeError
FN:50,mapPgError
FN:56,wasteBinTypeRoutes
FN:64,handler
FN:89,handler
FN:111,handler
FN:152,handler
FN:205,handler
FNF:10
FNH:8
FNDA:3,parseOr400
FNDA:1,InUseError
FNDA:1,DuplicateCodeError
FNDA:1,mapPgError
FNDA:19,wasteBinTypeRoutes
FNDA:1,handler
FNDA:0,handler
FNDA:3,handler
FNDA:0,handler
FNDA:2,handler
DA:1,1
DA:19,1
DA:22,3
DA:23,3
DA:24,3
DA:25,3
DA:26,1
DA:27,1
DA:28,1
DA:29,1
DA:30,1
DA:31,1
DA:32,1
DA:33,1
DA:34,0
DA:35,0
DA:36,3
DA:38,1
DA:39,1
DA:40,1
DA:41,1
DA:42,1
DA:44,1
DA:45,1
DA:46,1
DA:47,1
DA:48,1
DA:50,1
DA:51,1
DA:52,1
DA:53,0
DA:54,0
DA:56,19
DA:57,19
DA:58,19
DA:59,19
DA:60,19
DA:61,19
DA:62,19
DA:63,19
DA:64,19
DA:65,1
DA:66,1
DA:67,1
DA:68,1
DA:71,1
DA:72,1
DA:73,1
DA:74,1
DA:75,19
DA:77,19
DA:78,19
DA:79,19
DA:80,19
DA:81,19
DA:82,19
DA:83,19
DA:84,19
DA:85,19
DA:86,19
DA:87,19
DA:88,19
DA:89,19
DA:90,0
DA:91,0
DA:92,0
DA:93,0
DA:94,0
DA:96,0
DA:97,0
DA:98,0
DA:99,0
DA:100,0
DA:101,0
DA:102,19
DA:104,19
DA:105,19
DA:106,19
DA:107,19
DA:108,19
DA:109,19
DA:110,19
DA:111,19
DA:112,3
DA:113,3
DA:114,3
DA:115,3
DA:116,3
DA:117,3
DA:119,3
DA:120,3
DA:121,3
DA:122,3
DA:123,3
DA:124,3
DA:125,3
DA:126,3
DA:127,3
DA:128,1
DA:129,1
DA:130,1
DA:131,1
DA:132,1
DA:133,1
DA:134,1
DA:135,1
DA:136,1
DA:137,3
DA:138,19
DA:140,19
DA:141,19
DA:142,19
DA:143,19
DA:144,19
DA:145,19
DA:146,19
DA:147,19
DA:148,19
DA:149,19
DA:150,19
DA:151,19
DA:152,19
DA:153,0
DA:154,0
DA:155,0
DA:156,0
DA:157,0
DA:158,0
DA:159,0
DA:160,0
DA:161,0
DA:162,0
DA:163,0
DA:164,0
DA:165,0
DA:166,0
DA:167,0
DA:168,0
DA:169,0
DA:170,0
DA:171,0
DA:172,0
DA:173,0
DA:175,0
DA:176,0
DA:177,0
DA:178,0
DA:179,0
DA:180,0
DA:181,0
DA:182,0
DA:183,0
DA:184,0
DA:185,0
DA:186,0
DA:187,0
DA:188,0
DA:189,0
DA:190,0
DA:191,19
DA:193,19
DA:194,19
DA:195,19
DA:196,19
DA:197,19
DA:198,19
DA:199,19
DA:200,19
DA:201,19
DA:202,19
DA:203,19
DA:204,19
DA:205,19
DA:206,2
DA:207,2
DA:208,2
DA:210,2
DA:211,2
DA:213,2
DA:214,2
DA:215,2
DA:217,2
DA:218,2
DA:222,2
DA:223,2
DA:224,2
DA:226,1
DA:227,1
DA:229,1
DA:230,1
DA:231,1
DA:232,1
DA:233,2
DA:234,19
DA:235,19
LF:195
LH:143
BRDA:22,0,0,3
BRDA:25,1,0,1
BRDA:30,2,0,0
BRDA:31,3,0,0
BRDA:33,4,0,0
BRDA:27,5,0,1
BRDA:28,6,0,1
BRDA:39,7,0,1
BRDA:45,8,0,1
BRDA:50,9,0,1
BRDA:52,10,0,0
BRDA:56,11,0,19
BRDA:64,12,0,1
BRDA:111,13,0,3
BRDA:124,14,0,1
BRDA:125,15,0,2
BRDA:127,16,0,1
BRDA:205,17,0,2
BRDA:215,18,0,0
BRDA:224,19,0,1
BRF:20
BRH:15
end_of_record
TN:
SF:src\routes\waste-schedules.ts
FN:24,parseOr400
FN:41,assertPropertyInTenant
FN:54,assertWasteBinTypeInTenant
FN:67,wasteScheduleRoutes
FN:79,handler
FN:109,handler
FN:131,handler
FN:179,handler
FN:243,handler
FNF:9
FNH:7
FNDA:7,parseOr400
FNDA:4,assertPropertyInTenant
FNDA:3,assertWasteBinTypeInTenant
FNDA:19,wasteScheduleRoutes
FNDA:1,handler
FNDA:0,handler
FNDA:6,handler
FNDA:1,handler
FNDA:0,handler
DA:1,1
DA:20,1
DA:24,7
DA:25,7
DA:26,7
DA:27,7
DA:28,2
DA:29,2
DA:31,2
DA:32,2
DA:33,2
DA:34,2
DA:35,2
DA:36,2
DA:37,0
DA:38,0
DA:39,7
DA:41,4
DA:42,4
DA:43,4
DA:44,4
DA:45,4
DA:46,4
DA:47,4
DA:49,4
DA:50,4
DA:51,4
DA:52,4
DA:54,3
DA:55,3
DA:56,3
DA:57,3
DA:58,3
DA:59,3
DA:60,3
DA:62,3
DA:63,3
DA:64,3
DA:65,3
DA:67,19
DA:68,19
DA:69,19
DA:70,19
DA:71,19
DA:72,19
DA:73,19
DA:74,19
DA:75,19
DA:76,19
DA:77,19
DA:78,19
DA:79,19
DA:80,1
DA:81,1
DA:82,1
DA:83,1
DA:84,1
DA:85,1
DA:86,1
DA:87,1
DA:88,1
DA:89,1
DA:90,1
DA:91,1
DA:92,1
DA:93,1
DA:94,1
DA:95,19
DA:97,19
DA:98,19
DA:99,19
DA:100,19
DA:101,19
DA:102,19
DA:103,19
DA:104,19
DA:105,19
DA:106,19
DA:107,19
DA:108,19
DA:109,19
DA:110,0
DA:111,0
DA:112,0
DA:113,0
DA:114,0
DA:116,0
DA:117,0
DA:118,0
DA:119,0
DA:120,0
DA:121,0
DA:122,19
DA:124,19
DA:125,19
DA:126,19
DA:127,19
DA:128,19
DA:129,19
DA:130,19
DA:131,19
DA:132,6
DA:133,6
DA:134,6
DA:135,6
DA:136,3
DA:138,2
DA:139,2
DA:144,2
DA:145,2
DA:146,2
DA:147,2
DA:148,2
DA:149,2
DA:150,2
DA:151,6
DA:152,6
DA:153,6
DA:154,6
DA:155,6
DA:156,6
DA:157,6
DA:158,2
DA:159,2
DA:160,2
DA:161,2
DA:162,2
DA:163,2
DA:164,6
DA:165,19
DA:167,19
DA:168,19
DA:169,19
DA:170,19
DA:171,19
DA:172,19
DA:173,19
DA:174,19
DA:175,19
DA:176,19
DA:177,19
DA:178,19
DA:179,19
DA:180,1
DA:181,1
DA:182,1
DA:183,1
DA:185,1
DA:186,0
DA:187,0
DA:188,1
DA:189,0
DA:190,0
DA:192,1
DA:193,1
DA:194,1
DA:195,1
DA:196,1
DA:197,1
DA:198,1
DA:199,1
DA:200,1
DA:201,1
DA:202,1
DA:203,1
DA:204,1
DA:205,1
DA:206,1
DA:207,1
DA:208,1
DA:209,0
DA:210,0
DA:211,1
DA:212,1
DA:213,1
DA:214,1
DA:215,1
DA:216,1
DA:217,1
DA:219,1
DA:220,1
DA:221,1
DA:222,1
DA:223,1
DA:224,1
DA:225,1
DA:226,1
DA:227,1
DA:228,1
DA:229,19
DA:231,19
DA:232,19
DA:233,19
DA:234,19
DA:235,19
DA:236,19
DA:237,19
DA:238,19
DA:239,19
DA:240,19
DA:241,19
DA:242,19
DA:243,19
DA:244,0
DA:245,0
DA:246,0
DA:247,0
DA:248,0
DA:250,0
DA:251,0
DA:252,0
DA:253,0
DA:254,0
DA:255,0
DA:256,19
DA:257,19
LF:216
LH:186
BRDA:24,0,0,7
BRDA:27,1,0,2
BRDA:33,2,0,1
BRDA:33,3,0,1
BRDA:34,4,0,1
BRDA:34,5,0,1
BRDA:36,6,0,0
BRDA:29,7,0,2
BRDA:31,8,0,2
BRDA:41,9,0,4
BRDA:51,10,0,1
BRDA:54,11,0,3
BRDA:64,12,0,1
BRDA:67,13,0,19
BRDA:79,14,0,1
BRDA:131,15,0,6
BRDA:135,16,0,3
BRDA:136,17,0,2
BRDA:151,18,0,1
BRDA:152,19,0,1
BRDA:153,20,0,1
BRDA:155,21,0,2
BRDA:157,22,0,2
BRDA:179,23,0,1
BRDA:185,24,0,0
BRDA:188,25,0,0
BRDA:207,26,0,0
BRDA:208,27,0,0
BRDA:226,28,0,0
BRF:29
BRH:23
end_of_record
TN:
SF:src\schemas\auth.ts
FNF:0
FNH:0
DA:1,1
DA:3,1
DA:4,1
DA:5,1
DA:6,1
LF:5
LH:5
BRF:0
BRH:0
end_of_record
TN:
SF:src\schemas\contracts.ts
FN:20,createContractSchema.partial.refine.message
FN:43,filterContractForActor
FNF:2
FNH:2
FNDA:1,createContractSchema.partial.refine.message
FNDA:5,filterContractForActor
DA:1,1
DA:3,1
DA:6,1
DA:8,1
DA:9,1
DA:10,1
DA:11,1
DA:12,1
DA:13,1
DA:14,1
DA:15,1
DA:16,1
DA:18,1
DA:19,1
DA:20,1
DA:43,1
DA:44,5
DA:45,5
DA:46,5
DA:47,5
DA:48,5
DA:49,1
DA:50,1
LF:23
LH:23
BRDA:20,0,0,1
BRDA:43,1,0,5
BRDA:47,2,0,2
BRDA:48,3,0,4
BRDA:48,4,0,1
BRF:5
BRH:5
end_of_record
TN:
SF:src\schemas\employee-skills.ts
FN:20,__vite_ssr_import_0__.z.object.refine.message
FN:52,__vite_ssr_import_0__.z.object.refine.message
FN:75,__vite_ssr_import_0__.z.object.refine.message
FNF:3
FNH:2
FNDA:1,__vite_ssr_import_0__.z.object.refine.message
FNDA:0,__vite_ssr_import_0__.z.object.refine.message
FNDA:3,__vite_ssr_import_0__.z.object.refine.message
DA:1,1
DA:4,1
DA:5,1
DA:6,1
DA:7,1
DA:8,1
DA:9,1
DA:10,1
DA:11,1
DA:12,1
DA:14,1
DA:15,1
DA:16,1
DA:17,1
DA:18,1
DA:19,1
DA:20,1
DA:35,1
DA:36,1
DA:37,1
DA:38,1
DA:39,1
DA:40,1
DA:41,1
DA:42,1
DA:44,1
DA:45,1
DA:46,1
DA:47,1
DA:48,1
DA:49,1
DA:50,1
DA:51,1
DA:52,1
DA:66,1
DA:68,1
DA:69,1
DA:70,1
DA:71,1
DA:72,1
DA:73,1
DA:74,1
DA:75,1
LF:43
LH:43
BRDA:20,0,0,1
BRDA:75,1,0,3
BRF:2
BRH:2
end_of_record
TN:
SF:src\schemas\employees.ts
FN:38,createEmployeeSchema.partial.extend.refine.message
FN:71,filterEmployeeForActor
FNF:2
FNH:1
FNDA:0,createEmployeeSchema.partial.extend.refine.message
FNDA:4,filterEmployeeForActor
DA:1,1
DA:3,1
DA:4,1
DA:5,1
DA:6,1
DA:7,1
DA:8,1
DA:9,1
DA:12,1
DA:13,1
DA:14,1
DA:16,1
DA:18,1
DA:19,1
DA:20,1
DA:21,1
DA:22,1
DA:23,1
DA:24,1
DA:25,1
DA:26,1
DA:27,1
DA:28,1
DA:29,1
DA:30,1
DA:31,1
DA:32,1
DA:33,1
DA:35,1
DA:36,1
DA:37,1
DA:38,1
DA:39,1
DA:40,1
DA:71,1
DA:72,4
DA:73,4
DA:74,4
DA:75,4
DA:76,4
DA:77,1
DA:78,1
LF:42
LH:42
BRDA:71,0,0,4
BRDA:76,1,0,3
BRDA:76,2,0,1
BRF:3
BRH:3
end_of_record
TN:
SF:src\schemas\equipment-types.ts
FN:31,__vite_ssr_import_0__.z.object.refine.message
FNF:1
FNH:1
FNDA:1,__vite_ssr_import_0__.z.object.refine.message
DA:1,1
DA:3,1
DA:4,1
DA:5,1
DA:6,1
DA:7,1
DA:8,1
DA:9,1
DA:10,1
DA:11,1
DA:14,1
DA:15,1
DA:16,1
DA:17,1
DA:18,1
DA:19,1
DA:20,1
DA:22,1
DA:23,1
DA:24,1
DA:25,1
DA:26,1
DA:27,1
DA:28,1
DA:29,1
DA:30,1
DA:31,1
DA:32,1
DA:33,1
LF:29
LH:29
BRDA:31,0,0,1
BRF:1
BRH:1
end_of_record
TN:
SF:src\schemas\properties.ts
FN:41,createPropertySchema.partial.extend.refine.message
FN:93,createZoneSchema.partial.refine.message
FNF:2
FNH:0
FNDA:0,createPropertySchema.partial.extend.refine.message
FNDA:0,createZoneSchema.partial.refine.message
DA:1,1
DA:3,1
DA:4,1
DA:5,1
DA:6,1
DA:7,1
DA:8,1
DA:9,1
DA:12,1
DA:15,1
DA:17,1
DA:18,1
DA:19,1
DA:20,1
DA:21,1
DA:22,1
DA:23,1
DA:24,1
DA:25,1
DA:26,1
DA:27,1
DA:28,1
DA:29,1
DA:30,1
DA:31,1
DA:32,1
DA:33,1
DA:34,1
DA:35,1
DA:36,1
DA:38,1
DA:39,1
DA:40,1
DA:41,1
DA:72,1
DA:73,1
DA:74,1
DA:75,1
DA:76,1
DA:77,1
DA:78,1
DA:79,1
DA:80,1
DA:83,1
DA:84,1
DA:85,1
DA:86,1
DA:87,1
DA:88,1
DA:89,1
DA:91,1
DA:92,1
DA:93,1
LF:53
LH:53
BRF:0
BRH:0
end_of_record
TN:
SF:src\schemas\property-managers.ts
FN:14,createPropertyManagerSchema.partial.refine.message
FNF:1
FNH:0
FNDA:0,createPropertyManagerSchema.partial.refine.message
DA:1,1
DA:3,1
DA:4,1
DA:5,1
DA:6,1
DA:7,1
DA:8,1
DA:9,1
DA:10,1
DA:12,1
DA:13,1
DA:14,1
LF:12
LH:12
BRF:0
BRH:0
end_of_record
TN:
SF:src\schemas\property-services.ts
FN:23,__vite_ssr_import_0__.z.object.refine.message
FN:39,__vite_ssr_import_0__.z.object.refine.message
FN:52,validateFrequencyDetail
FN:100,createPropertyServiceSchema.partial.extend.refine.message
FNF:4
FNH:4
FNDA:3,__vite_ssr_import_0__.z.object.refine.message
FNDA:1,__vite_ssr_import_0__.z.object.refine.message
FNDA:7,validateFrequencyDetail
FNDA:1,createPropertyServiceSchema.partial.extend.refine.message
DA:1,1
DA:3,1
DA:4,1
DA:5,1
DA:6,1
DA:7,1
DA:8,1
DA:9,1
DA:10,1
DA:11,1
DA:16,1
DA:18,1
DA:19,1
DA:20,1
DA:21,1
DA:22,1
DA:23,1
DA:24,1
DA:25,1
DA:27,1
DA:28,1
DA:29,1
DA:30,1
DA:32,1
DA:33,1
DA:34,1
DA:35,1
DA:36,1
DA:37,1
DA:38,1
DA:39,1
DA:40,1
DA:41,1
DA:43,1
DA:44,1
DA:45,1
DA:46,1
DA:47,1
DA:49,1
DA:52,1
DA:53,7
DA:54,7
DA:55,7
DA:56,7
DA:57,7
DA:58,7
DA:59,3
DA:60,7
DA:61,2
DA:62,7
DA:63,1
DA:64,7
DA:65,7
DA:66,7
DA:67,1
DA:68,7
DA:69,0
DA:70,7
DA:71,7
DA:75,1
DA:77,1
DA:78,1
DA:79,1
DA:80,1
DA:81,1
DA:82,1
DA:83,1
DA:84,1
DA:85,1
DA:86,1
DA:87,1
DA:88,1
DA:89,1
DA:90,1
DA:91,1
DA:92,1
DA:93,1
DA:94,1
DA:95,1
DA:97,1
DA:98,1
DA:99,1
DA:100,1
LF:83
LH:82
BRDA:23,0,0,3
BRDA:39,1,0,1
BRDA:52,2,0,7
BRDA:56,3,0,1
BRDA:58,4,0,3
BRDA:60,5,0,2
BRDA:62,6,0,1
BRDA:64,7,0,0
BRDA:65,8,0,0
BRDA:66,9,0,1
BRDA:67,10,0,0
BRDA:68,11,0,0
BRDA:100,12,0,1
BRF:13
BRH:9
end_of_record
TN:
SF:src\schemas\qualification-types.ts
FN:18,__vite_ssr_import_0__.z.object.refine.message
FNF:1
FNH:0
FNDA:0,__vite_ssr_import_0__.z.object.refine.message
DA:1,1
DA:3,1
DA:4,1
DA:5,1
DA:6,1
DA:7,1
DA:8,1
DA:10,1
DA:11,1
DA:12,1
DA:13,1
DA:14,1
DA:15,1
DA:16,1
DA:17,1
DA:18,1
DA:19,1
DA:20,1
LF:18
LH:18
BRF:0
BRH:0
end_of_record
TN:
SF:src\schemas\schedule-entries.ts
FN:56,__vite_ssr_import_0__.z.object.refine.message
FN:65,__vite_ssr_import_0__.z.object.refine.message
FNF:2
FNH:1
FNDA:0,__vite_ssr_import_0__.z.object.refine.message
FNDA:2,__vite_ssr_import_0__.z.object.refine.message
DA:1,1
DA:3,1
DA:4,1
DA:5,1
DA:6,1
DA:7,1
DA:8,1
DA:9,1
DA:10,1
DA:13,1
DA:14,1
DA:15,1
DA:16,1
DA:17,1
DA:18,1
DA:19,1
DA:22,1
DA:23,1
DA:25,1
DA:26,1
DA:27,1
DA:28,1
DA:29,1
DA:30,1
DA:31,1
DA:32,1
DA:33,1
DA:34,1
DA:35,1
DA:36,1
DA:37,1
DA:38,1
DA:39,1
DA:41,1
DA:42,1
DA:43,1
DA:44,1
DA:45,1
DA:46,1
DA:47,1
DA:48,1
DA:49,1
DA:50,1
DA:51,1
DA:52,1
DA:53,1
DA:54,1
DA:55,1
DA:56,1
DA:58,1
DA:59,1
DA:60,1
DA:61,1
DA:62,1
DA:63,1
DA:64,1
DA:65,1
DA:67,1
DA:68,1
DA:69,1
LF:60
LH:60
BRDA:65,0,0,2
BRF:1
BRH:1
end_of_record
TN:
SF:src\schemas\schedules.ts
FN:30,__vite_ssr_import_0__.z.object.refine.message
FNF:1
FNH:1
FNDA:1,__vite_ssr_import_0__.z.object.refine.message
DA:1,1
DA:3,1
DA:6,1
DA:7,1
DA:8,1
DA:9,1
DA:10,1
DA:11,1
DA:14,1
DA:16,1
DA:17,1
DA:18,1
DA:19,1
DA:20,1
DA:21,1
DA:22,1
DA:23,1
DA:25,1
DA:26,1
DA:27,1
DA:28,1
DA:29,1
DA:30,1
LF:23
LH:23
BRDA:30,0,0,1
BRF:1
BRH:1
end_of_record
TN:
SF:src\schemas\service-types.ts
FN:40,__vite_ssr_import_0__.z.object.refine.message
FNF:1
FNH:1
FNDA:1,__vite_ssr_import_0__.z.object.refine.message
DA:1,1
DA:3,1
DA:4,1
DA:5,1
DA:6,1
DA:7,1
DA:8,1
DA:9,1
DA:10,1
DA:13,1
DA:14,1
DA:15,1
DA:17,1
DA:18,1
DA:19,1
DA:20,1
DA:21,1
DA:22,1
DA:23,1
DA:24,1
DA:25,1
DA:26,1
DA:28,1
DA:29,1
DA:30,1
DA:31,1
DA:32,1
DA:33,1
DA:34,1
DA:35,1
DA:36,1
DA:37,1
DA:38,1
DA:39,1
DA:40,1
DA:41,1
DA:42,1
LF:37
LH:37
BRDA:40,0,0,1
BRF:1
BRH:1
end_of_record
TN:
SF:src\schemas\tenants.ts
FN:12,__vite_ssr_import_0__.z.object.refine.message
FNF:1
FNH:1
FNDA:1,__vite_ssr_import_0__.z.object.refine.message
DA:1,1
DA:3,1
DA:5,1
DA:6,1
DA:7,1
DA:8,1
DA:9,1
DA:10,1
DA:11,1
DA:12,1
DA:13,1
DA:14,1
LF:12
LH:12
BRDA:12,0,0,1
BRF:1
BRH:1
end_of_record
TN:
SF:src\schemas\users.ts
FN:16,__vite_ssr_import_0__.z.string.min.max.refine.message
FN:17,__vite_ssr_import_0__.z.string.min.max.refine.refine.message
FN:37,__vite_ssr_import_0__.z.object.refine.message
FNF:3
FNH:3
FNDA:7,__vite_ssr_import_0__.z.string.min.max.refine.message
FNDA:7,__vite_ssr_import_0__.z.string.min.max.refine.refine.message
FNDA:3,__vite_ssr_import_0__.z.object.refine.message
DA:1,1
DA:12,1
DA:13,1
DA:14,1
DA:15,1
DA:16,1
DA:17,1
DA:19,1
DA:20,1
DA:22,1
DA:23,1
DA:24,1
DA:25,1
DA:26,1
DA:27,1
DA:28,1
DA:30,1
DA:31,1
DA:32,1
DA:33,1
DA:34,1
DA:35,1
DA:36,1
DA:37,1
DA:38,1
DA:39,1
DA:41,1
DA:42,1
DA:43,1
DA:44,1
DA:45,1
DA:46,1
DA:48,1
DA:49,1
DA:50,1
LF:35
LH:35
BRDA:16,0,0,7
BRDA:17,1,0,7
BRDA:37,2,0,3
BRF:3
BRH:3
end_of_record
TN:
SF:src\schemas\waste-bin-types.ts
FN:32,__vite_ssr_import_0__.z.object.refine.message
FNF:1
FNH:0
FNDA:0,__vite_ssr_import_0__.z.object.refine.message
DA:1,1
DA:3,1
DA:4,1
DA:5,1
DA:6,1
DA:7,1
DA:8,1
DA:9,1
DA:10,1
DA:11,1
DA:12,1
DA:15,1
DA:17,1
DA:18,1
DA:19,1
DA:20,1
DA:21,1
DA:22,1
DA:24,1
DA:25,1
DA:26,1
DA:27,1
DA:28,1
DA:29,1
DA:30,1
DA:31,1
DA:32,1
LF:27
LH:27
BRF:0
BRH:0
end_of_record
TN:
SF:src\schemas\waste-schedules.ts
FN:18,__vite_ssr_import_0__.z.object.refine.message
FN:56,__vite_ssr_import_0__.z.object.refine.message
FNF:2
FNH:2
FNDA:6,__vite_ssr_import_0__.z.object.refine.message
FNDA:1,__vite_ssr_import_0__.z.object.refine.message
DA:1,1
DA:10,1
DA:11,1
DA:12,1
DA:13,1
DA:14,1
DA:15,1
DA:16,1
DA:17,1
DA:18,1
DA:19,6
DA:21,2
DA:22,2
DA:23,2
DA:24,6
DA:25,1
DA:26,1
DA:28,1
DA:30,1
DA:31,1
DA:32,1
DA:33,1
DA:34,1
DA:35,1
DA:36,1
DA:37,1
DA:39,1
DA:40,1
DA:41,1
DA:43,1
DA:44,1
DA:45,1
DA:46,1
DA:47,1
DA:48,1
DA:49,1
DA:50,1
DA:51,1
DA:52,1
DA:53,1
DA:54,1
DA:55,1
DA:56,1
LF:43
LH:43
BRDA:18,0,0,6
BRDA:19,1,0,4
BRDA:19,2,0,2
BRDA:56,3,0,1
BRF:4
BRH:4
end_of_record
TN:
SF:src\services\scheduling\conflict-check.ts
FN:16,timeToMinutes
FN:26,entriesOverlap
FN:48,isValidStatusTransition
FNF:3
FNH:3
FNDA:19,timeToMinutes
FNDA:8,entriesOverlap
FNDA:8,isValidStatusTransition
DA:16,1
DA:17,19
DA:18,15
DA:19,15
DA:20,15
DA:26,1
DA:27,8
DA:28,8
DA:29,8
DA:30,6
DA:31,6
DA:33,6
DA:34,8
DA:42,1
DA:43,1
DA:44,1
DA:45,1
DA:46,1
DA:48,1
DA:49,8
DA:50,7
DA:51,7
LF:22
LH:22
BRDA:16,0,0,19
BRDA:17,1,0,4
BRDA:17,2,0,15
BRDA:26,3,0,8
BRDA:29,4,0,6
BRDA:29,5,0,2
BRDA:29,6,0,6
BRDA:48,7,0,8
BRDA:49,8,0,1
BRDA:49,9,0,7
BRF:10
BRH:10
end_of_record
TN:
SF:src\services\scheduling\frequency-engine.ts
FN:42,isInSeason
FN:77,isoWeekDays
FN:83,isoDayOfWeek
FN:89,weekOfMonth
FN:123,getDueDatesInWeek
FN:215,isFirstWeekOfMonth
FN:220,isServiceDueInWeek
FN:260,getWasteCollectionsInWeek
FN:314,getDueServicesForWeek
FN:348,getDueWasteSchedulesForWeek
FN:379,normalizeToWeekStart
FN:384,weekInfo
FNF:12
FNH:12
FNDA:148,isInSeason
FNDA:24,isoWeekDays
FNDA:71,isoDayOfWeek
FNDA:1,weekOfMonth
FNDA:20,getDueDatesInWeek
FNDA:3,isFirstWeekOfMonth
FNDA:2,isServiceDueInWeek
FNDA:4,getWasteCollectionsInWeek
FNDA:1,getDueServicesForWeek
FNDA:1,getDueWasteSchedulesForWeek
FNDA:2,normalizeToWeekStart
FNDA:2,weekInfo
DA:1,1
DA:42,1
DA:43,148
DA:44,148
DA:45,148
DA:46,148
DA:47,148
DA:48,134
DA:49,148
DA:50,148
DA:51,4
DA:52,4
DA:54,134
DA:55,148
DA:77,24
DA:78,24
DA:79,24
DA:80,24
DA:83,71
DA:84,71
DA:85,71
DA:86,71
DA:89,1
DA:91,1
DA:93,1
DA:95,1
DA:96,1
DA:98,1
DA:99,1
DA:100,1
DA:123,1
DA:124,20
DA:125,20
DA:126,20
DA:127,20
DA:129,20
DA:130,140
DA:131,20
DA:132,20
DA:134,19
DA:135,19
DA:136,19
DA:137,19
DA:139,19
DA:140,20
DA:141,4
DA:142,4
DA:143,4
DA:144,28
DA:145,28
DA:146,4
DA:147,4
DA:148,20
DA:149,4
DA:150,4
DA:151,4
DA:152,4
DA:153,4
DA:154,14
DA:155,14
DA:156,2
DA:157,2
DA:158,20
DA:159,3
DA:160,3
DA:161,2
DA:162,14
DA:163,14
DA:164,3
DA:165,1
DA:166,7
DA:167,1
DA:168,7
DA:169,1
DA:170,3
DA:171,3
DA:172,20
DA:174,2
DA:175,2
DA:176,2
DA:177,10
DA:178,1
DA:179,1
DA:180,1
DA:181,10
DA:182,2
DA:183,2
DA:184,20
DA:185,1
DA:186,1
DA:187,1
DA:188,1
DA:189,1
DA:190,1
DA:191,1
DA:192,1
DA:193,1
DA:194,1
DA:195,20
DA:196,1
DA:197,1
DA:198,1
DA:199,3
DA:200,1
DA:201,1
DA:202,1
DA:203,3
DA:204,1
DA:205,1
DA:206,20
DA:208,4
DA:209,20
DA:211,19
DA:212,19
DA:215,3
DA:216,3
DA:217,3
DA:220,1
DA:221,2
DA:222,2
DA:223,2
DA:224,2
DA:225,2
DA:260,1
DA:261,4
DA:262,4
DA:263,4
DA:264,4
DA:265,4
DA:266,4
DA:268,4
DA:269,2
DA:270,2
DA:271,2
DA:272,2
DA:274,3
DA:275,4
DA:276,21
DA:277,3
DA:278,3
DA:279,3
DA:280,3
DA:281,3
DA:282,3
DA:283,3
DA:284,3
DA:314,1
DA:315,1
DA:316,1
DA:317,1
DA:318,1
DA:319,1
DA:320,1
DA:325,1
DA:326,1
DA:327,1
DA:328,1
DA:329,2
DA:330,2
DA:331,1
DA:332,1
DA:333,1
DA:334,1
DA:335,1
DA:336,1
DA:337,1
DA:338,1
DA:339,1
DA:340,1
DA:341,1
DA:342,1
DA:343,1
DA:348,1
DA:349,1
DA:350,1
DA:351,1
DA:352,1
DA:353,1
DA:354,1
DA:358,1
DA:359,1
DA:360,1
DA:361,1
DA:362,1
DA:363,1
DA:364,1
DA:365,1
DA:366,1
DA:367,1
DA:368,1
DA:369,1
DA:370,1
DA:371,1
DA:372,1
DA:373,1
DA:374,1
DA:375,1
DA:376,1
DA:379,1
DA:380,2
DA:381,2
DA:384,1
DA:385,2
DA:386,2
DA:387,2
DA:388,2
DA:389,2
DA:390,2
LF:208
LH:208
BRDA:42,0,0,148
BRDA:47,1,0,134
BRDA:47,2,0,134
BRDA:47,3,0,14
BRDA:48,4,0,0
BRDA:49,5,0,2
BRDA:50,6,0,134
BRDA:50,7,0,4
BRDA:51,8,0,3
BRDA:52,9,0,10
BRDA:54,10,0,9
BRDA:77,11,0,24
BRDA:79,12,0,168
BRDA:83,13,0,71
BRDA:85,14,0,10
BRDA:85,15,0,61
BRDA:89,16,0,1
BRDA:123,17,0,20
BRDA:132,18,0,1
BRDA:132,19,0,19
BRDA:140,20,0,4
BRDA:142,21,0,3
BRDA:142,22,0,0
BRDA:143,23,0,28
BRDA:144,24,0,5
BRDA:148,25,0,4
BRDA:151,26,0,2
BRDA:152,27,0,2
BRDA:153,28,0,14
BRDA:154,29,0,2
BRDA:155,30,0,2
BRDA:158,31,0,3
BRDA:160,32,0,2
BRDA:161,33,0,14
BRDA:162,34,0,1
BRDA:164,35,0,1
BRDA:165,36,0,7
BRDA:166,37,0,6
BRDA:166,38,0,1
BRDA:172,39,0,2
BRDA:176,40,0,10
BRDA:177,41,0,1
BRDA:177,42,0,1
BRDA:184,43,0,1
BRDA:195,44,0,1
BRDA:198,45,0,3
BRDA:199,46,0,1
BRDA:199,47,0,1
BRDA:206,48,0,4
BRDA:209,49,0,19
BRDA:129,50,0,140
BRDA:211,51,0,12
BRDA:215,52,0,3
BRDA:220,53,0,2
BRDA:260,54,0,4
BRDA:268,55,0,3
BRDA:268,56,0,2
BRDA:270,57,0,1
BRDA:271,58,0,0
BRDA:271,59,0,0
BRDA:275,60,0,21
BRDA:276,61,0,18
BRDA:276,62,0,3
BRDA:282,63,0,3
BRDA:314,64,0,1
BRDA:328,65,0,2
BRDA:330,66,0,1
BRDA:348,67,0,1
BRDA:363,68,0,0
BRDA:379,69,0,2
BRDA:384,70,0,2
BRF:71
BRH:66
end_of_record
